  REAL PART:

  Coeff.:   0.176776695
     Electron  1 : | s =  1 , n =  0 , l =  0 , m =  0 )
     Electron  2 : | s =  1 , n =  0 , l =  1 , m =  1 )
     Electron  3 : | s =  1 , n =  0 , l =  2 , m =  2 )
     Electron  4 : | s =  1 , n =  0 , l =  3 , m =  3 )
     Electron  5 : | s =  1 , n =  0 , l =  4 , m =  4 )
     Electron  6 : | s =  1 , n =  0 , l =  5 , m =  5 )
  Coeff.:   0.176776695
     Electron  1 : | s =  1 , n =  0 , l =  5 , m = -5 )
     Electron  2 : | s =  1 , n =  0 , l =  4 , m = -4 )
     Electron  3 : | s =  1 , n =  0 , l =  0 , m =  0 )
     Electron  4 : | s =  1 , n =  0 , l =  1 , m =  1 )
     Electron  5 : | s =  1 , n =  0 , l =  2 , m =  2 )
     Electron  6 : | s =  1 , n =  0 , l =  3 , m =  3 )
  Coeff.:  -0.176776695
     Electron  1 : | s =  1 , n =  0 , l =  5 , m = -5 )
     Electron  2 : | s =  1 , n =  0 , l =  3 , m = -3 )
     Electron  3 : | s =  1 , n =  0 , l =  0 , m =  0 )
     Electron  4 : | s =  1 , n =  0 , l =  1 , m =  1 )
     Electron  5 : | s =  1 , n =  0 , l =  2 , m =  2 )
     Electron  6 : | s =  1 , n =  0 , l =  4 , m =  4 )
  Coeff.:   0.176776695
     Electron  1 : | s =  1 , n =  0 , l =  4 , m = -4 )
     Electron  2 : | s =  1 , n =  0 , l =  3 , m = -3 )
     Electron  3 : | s =  1 , n =  0 , l =  0 , m =  0 )
     Electron  4 : | s =  1 , n =  0 , l =  1 , m =  1 )
     Electron  5 : | s =  1 , n =  0 , l =  2 , m =  2 )
     Electron  6 : | s =  1 , n =  0 , l =  5 , m =  5 )
  Coeff.:   0.176776695
     Electron  1 : | s =  1 , n =  0 , l =  5 , m = -5 )
     Electron  2 : | s =  1 , n =  0 , l =  2 , m = -2 )
     Electron  3 : | s =  1 , n =  0 , l =  0 , m =  0 )
     Electron  4 : | s =  1 , n =  0 , l =  1 , m =  1 )
     Electron  5 : | s =  1 , n =  0 , l =  3 , m =  3 )
     Electron  6 : | s =  1 , n =  0 , l =  4 , m =  4 )
  Coeff.:  -0.176776695
     Electron  1 : | s =  1 , n =  0 , l =  4 , m = -4 )
     Electron  2 : | s =  1 , n =  0 , l =  2 , m = -2 )
     Electron  3 : | s =  1 , n =  0 , l =  0 , m =  0 )
     Electron  4 : | s =  1 , n =  0 , l =  1 , m =  1 )
     Electron  5 : | s =  1 , n =  0 , l =  3 , m =  3 )
     Electron  6 : | s =  1 , n =  0 , l =  5 , m =  5 )
  Coeff.:   0.176776695
     Electron  1 : | s =  1 , n =  0 , l =  3 , m = -3 )
     Electron  2 : | s =  1 , n =  0 , l =  2 , m = -2 )
     Electron  3 : | s =  1 , n =  0 , l =  0 , m =  0 )
     Electron  4 : | s =  1 , n =  0 , l =  1 , m =  1 )
     Electron  5 : | s =  1 , n =  0 , l =  4 , m =  4 )
     Electron  6 : | s =  1 , n =  0 , l =  5 , m =  5 )
  Coeff.:   0.176776695
     Electron  1 : | s =  1 , n =  0 , l =  5 , m = -5 )
     Electron  2 : | s =  1 , n =  0 , l =  4 , m = -4 )
     Electron  3 : | s =  1 , n =  0 , l =  3 , m = -3 )
     Electron  4 : | s =  1 , n =  0 , l =  2 , m = -2 )
     Electron  5 : | s =  1 , n =  0 , l =  0 , m =  0 )
     Electron  6 : | s =  1 , n =  0 , l =  1 , m =  1 )
  Coeff.:  -0.176776695
     Electron  1 : | s =  1 , n =  0 , l =  5 , m = -5 )
     Electron  2 : | s =  1 , n =  0 , l =  1 , m = -1 )
     Electron  3 : | s =  1 , n =  0 , l =  0 , m =  0 )
     Electron  4 : | s =  1 , n =  0 , l =  2 , m =  2 )
     Electron  5 : | s =  1 , n =  0 , l =  3 , m =  3 )
     Electron  6 : | s =  1 , n =  0 , l =  4 , m =  4 )
  Coeff.:   0.176776695
     Electron  1 : | s =  1 , n =  0 , l =  4 , m = -4 )
     Electron  2 : | s =  1 , n =  0 , l =  1 , m = -1 )
     Electron  3 : | s =  1 , n =  0 , l =  0 , m =  0 )
     Electron  4 : | s =  1 , n =  0 , l =  2 , m =  2 )
     Electron  5 : | s =  1 , n =  0 , l =  3 , m =  3 )
     Electron  6 : | s =  1 , n =  0 , l =  5 , m =  5 )
  Coeff.:  -0.176776695
     Electron  1 : | s =  1 , n =  0 , l =  3 , m = -3 )
     Electron  2 : | s =  1 , n =  0 , l =  1 , m = -1 )
     Electron  3 : | s =  1 , n =  0 , l =  0 , m =  0 )
     Electron  4 : | s =  1 , n =  0 , l =  2 , m =  2 )
     Electron  5 : | s =  1 , n =  0 , l =  4 , m =  4 )
     Electron  6 : | s =  1 , n =  0 , l =  5 , m =  5 )
  Coeff.:  -0.176776695
     Electron  1 : | s =  1 , n =  0 , l =  5 , m = -5 )
     Electron  2 : | s =  1 , n =  0 , l =  4 , m = -4 )
     Electron  3 : | s =  1 , n =  0 , l =  3 , m = -3 )
     Electron  4 : | s =  1 , n =  0 , l =  1 , m = -1 )
     Electron  5 : | s =  1 , n =  0 , l =  0 , m =  0 )
     Electron  6 : | s =  1 , n =  0 , l =  2 , m =  2 )
  Coeff.:   0.176776695
     Electron  1 : | s =  1 , n =  0 , l =  2 , m = -2 )
     Electron  2 : | s =  1 , n =  0 , l =  1 , m = -1 )
     Electron  3 : | s =  1 , n =  0 , l =  0 , m =  0 )
     Electron  4 : | s =  1 , n =  0 , l =  3 , m =  3 )
     Electron  5 : | s =  1 , n =  0 , l =  4 , m =  4 )
     Electron  6 : | s =  1 , n =  0 , l =  5 , m =  5 )
  Coeff.:   0.176776695
     Electron  1 : | s =  1 , n =  0 , l =  5 , m = -5 )
     Electron  2 : | s =  1 , n =  0 , l =  4 , m = -4 )
     Electron  3 : | s =  1 , n =  0 , l =  2 , m = -2 )
     Electron  4 : | s =  1 , n =  0 , l =  1 , m = -1 )
     Electron  5 : | s =  1 , n =  0 , l =  0 , m =  0 )
     Electron  6 : | s =  1 , n =  0 , l =  3 , m =  3 )
  Coeff.:  -0.176776695
     Electron  1 : | s =  1 , n =  0 , l =  5 , m = -5 )
     Electron  2 : | s =  1 , n =  0 , l =  3 , m = -3 )
     Electron  3 : | s =  1 , n =  0 , l =  2 , m = -2 )
     Electron  4 : | s =  1 , n =  0 , l =  1 , m = -1 )
     Electron  5 : | s =  1 , n =  0 , l =  0 , m =  0 )
     Electron  6 : | s =  1 , n =  0 , l =  4 , m =  4 )
  Coeff.:   0.176776695
     Electron  1 : | s =  1 , n =  0 , l =  4 , m = -4 )
     Electron  2 : | s =  1 , n =  0 , l =  3 , m = -3 )
     Electron  3 : | s =  1 , n =  0 , l =  2 , m = -2 )
     Electron  4 : | s =  1 , n =  0 , l =  1 , m = -1 )
     Electron  5 : | s =  1 , n =  0 , l =  0 , m =  0 )
     Electron  6 : | s =  1 , n =  0 , l =  5 , m =  5 )
Number of real determinants=   16

  IMAGINARY PART:

  Coeff.: -0.176776695
     Electron  1 : | s =  1 , n =  0 , l =  5 , m = -5 )
     Electron  2 : | s =  1 , n =  0 , l =  0 , m =  0 )
     Electron  3 : | s =  1 , n =  0 , l =  1 , m =  1 )
     Electron  4 : | s =  1 , n =  0 , l =  2 , m =  2 )
     Electron  5 : | s =  1 , n =  0 , l =  3 , m =  3 )
     Electron  6 : | s =  1 , n =  0 , l =  4 , m =  4 )
  Coeff.:  0.176776695
     Electron  1 : | s =  1 , n =  0 , l =  4 , m = -4 )
     Electron  2 : | s =  1 , n =  0 , l =  0 , m =  0 )
     Electron  3 : | s =  1 , n =  0 , l =  1 , m =  1 )
     Electron  4 : | s =  1 , n =  0 , l =  2 , m =  2 )
     Electron  5 : | s =  1 , n =  0 , l =  3 , m =  3 )
     Electron  6 : | s =  1 , n =  0 , l =  5 , m =  5 )
  Coeff.: -0.176776695
     Electron  1 : | s =  1 , n =  0 , l =  3 , m = -3 )
     Electron  2 : | s =  1 , n =  0 , l =  0 , m =  0 )
     Electron  3 : | s =  1 , n =  0 , l =  1 , m =  1 )
     Electron  4 : | s =  1 , n =  0 , l =  2 , m =  2 )
     Electron  5 : | s =  1 , n =  0 , l =  4 , m =  4 )
     Electron  6 : | s =  1 , n =  0 , l =  5 , m =  5 )
  Coeff.: -0.176776695
     Electron  1 : | s =  1 , n =  0 , l =  5 , m = -5 )
     Electron  2 : | s =  1 , n =  0 , l =  4 , m = -4 )
     Electron  3 : | s =  1 , n =  0 , l =  3 , m = -3 )
     Electron  4 : | s =  1 , n =  0 , l =  0 , m =  0 )
     Electron  5 : | s =  1 , n =  0 , l =  1 , m =  1 )
     Electron  6 : | s =  1 , n =  0 , l =  2 , m =  2 )
  Coeff.:  0.176776695
     Electron  1 : | s =  1 , n =  0 , l =  2 , m = -2 )
     Electron  2 : | s =  1 , n =  0 , l =  0 , m =  0 )
     Electron  3 : | s =  1 , n =  0 , l =  1 , m =  1 )
     Electron  4 : | s =  1 , n =  0 , l =  3 , m =  3 )
     Electron  5 : | s =  1 , n =  0 , l =  4 , m =  4 )
     Electron  6 : | s =  1 , n =  0 , l =  5 , m =  5 )
  Coeff.:  0.176776695
     Electron  1 : | s =  1 , n =  0 , l =  5 , m = -5 )
     Electron  2 : | s =  1 , n =  0 , l =  4 , m = -4 )
     Electron  3 : | s =  1 , n =  0 , l =  2 , m = -2 )
     Electron  4 : | s =  1 , n =  0 , l =  0 , m =  0 )
     Electron  5 : | s =  1 , n =  0 , l =  1 , m =  1 )
     Electron  6 : | s =  1 , n =  0 , l =  3 , m =  3 )
  Coeff.: -0.176776695
     Electron  1 : | s =  1 , n =  0 , l =  5 , m = -5 )
     Electron  2 : | s =  1 , n =  0 , l =  3 , m = -3 )
     Electron  3 : | s =  1 , n =  0 , l =  2 , m = -2 )
     Electron  4 : | s =  1 , n =  0 , l =  0 , m =  0 )
     Electron  5 : | s =  1 , n =  0 , l =  1 , m =  1 )
     Electron  6 : | s =  1 , n =  0 , l =  4 , m =  4 )
  Coeff.:  0.176776695
     Electron  1 : | s =  1 , n =  0 , l =  4 , m = -4 )
     Electron  2 : | s =  1 , n =  0 , l =  3 , m = -3 )
     Electron  3 : | s =  1 , n =  0 , l =  2 , m = -2 )
     Electron  4 : | s =  1 , n =  0 , l =  0 , m =  0 )
     Electron  5 : | s =  1 , n =  0 , l =  1 , m =  1 )
     Electron  6 : | s =  1 , n =  0 , l =  5 , m =  5 )
  Coeff.: -0.176776695
     Electron  1 : | s =  1 , n =  0 , l =  1 , m = -1 )
     Electron  2 : | s =  1 , n =  0 , l =  0 , m =  0 )
     Electron  3 : | s =  1 , n =  0 , l =  2 , m =  2 )
     Electron  4 : | s =  1 , n =  0 , l =  3 , m =  3 )
     Electron  5 : | s =  1 , n =  0 , l =  4 , m =  4 )
     Electron  6 : | s =  1 , n =  0 , l =  5 , m =  5 )
  Coeff.: -0.176776695
     Electron  1 : | s =  1 , n =  0 , l =  5 , m = -5 )
     Electron  2 : | s =  1 , n =  0 , l =  4 , m = -4 )
     Electron  3 : | s =  1 , n =  0 , l =  1 , m = -1 )
     Electron  4 : | s =  1 , n =  0 , l =  0 , m =  0 )
     Electron  5 : | s =  1 , n =  0 , l =  2 , m =  2 )
     Electron  6 : | s =  1 , n =  0 , l =  3 , m =  3 )
  Coeff.:  0.176776695
     Electron  1 : | s =  1 , n =  0 , l =  5 , m = -5 )
     Electron  2 : | s =  1 , n =  0 , l =  3 , m = -3 )
     Electron  3 : | s =  1 , n =  0 , l =  1 , m = -1 )
     Electron  4 : | s =  1 , n =  0 , l =  0 , m =  0 )
     Electron  5 : | s =  1 , n =  0 , l =  2 , m =  2 )
     Electron  6 : | s =  1 , n =  0 , l =  4 , m =  4 )
  Coeff.: -0.176776695
     Electron  1 : | s =  1 , n =  0 , l =  4 , m = -4 )
     Electron  2 : | s =  1 , n =  0 , l =  3 , m = -3 )
     Electron  3 : | s =  1 , n =  0 , l =  1 , m = -1 )
     Electron  4 : | s =  1 , n =  0 , l =  0 , m =  0 )
     Electron  5 : | s =  1 , n =  0 , l =  2 , m =  2 )
     Electron  6 : | s =  1 , n =  0 , l =  5 , m =  5 )
  Coeff.: -0.176776695
     Electron  1 : | s =  1 , n =  0 , l =  5 , m = -5 )
     Electron  2 : | s =  1 , n =  0 , l =  2 , m = -2 )
     Electron  3 : | s =  1 , n =  0 , l =  1 , m = -1 )
     Electron  4 : | s =  1 , n =  0 , l =  0 , m =  0 )
     Electron  5 : | s =  1 , n =  0 , l =  3 , m =  3 )
     Electron  6 : | s =  1 , n =  0 , l =  4 , m =  4 )
  Coeff.:  0.176776695
     Electron  1 : | s =  1 , n =  0 , l =  4 , m = -4 )
     Electron  2 : | s =  1 , n =  0 , l =  2 , m = -2 )
     Electron  3 : | s =  1 , n =  0 , l =  1 , m = -1 )
     Electron  4 : | s =  1 , n =  0 , l =  0 , m =  0 )
     Electron  5 : | s =  1 , n =  0 , l =  3 , m =  3 )
     Electron  6 : | s =  1 , n =  0 , l =  5 , m =  5 )
  Coeff.: -0.176776695
     Electron  1 : | s =  1 , n =  0 , l =  3 , m = -3 )
     Electron  2 : | s =  1 , n =  0 , l =  2 , m = -2 )
     Electron  3 : | s =  1 , n =  0 , l =  1 , m = -1 )
     Electron  4 : | s =  1 , n =  0 , l =  0 , m =  0 )
     Electron  5 : | s =  1 , n =  0 , l =  4 , m =  4 )
     Electron  6 : | s =  1 , n =  0 , l =  5 , m =  5 )
  Coeff.: -0.176776695
     Electron  1 : | s =  1 , n =  0 , l =  5 , m = -5 )
     Electron  2 : | s =  1 , n =  0 , l =  4 , m = -4 )
     Electron  3 : | s =  1 , n =  0 , l =  3 , m = -3 )
     Electron  4 : | s =  1 , n =  0 , l =  2 , m = -2 )
     Electron  5 : | s =  1 , n =  0 , l =  1 , m = -1 )
     Electron  6 : | s =  1 , n =  0 , l =  0 , m =  0 )
Number of imag determinants=   16

  NORMALIZATION Norm^2 :   1.
