This file contains any messages produced by compilers while
running configure, to aid debugging if configure makes a mistake.

It was created by einspline configure 0.8.9, which was
generated by GNU Autoconf 2.61.  Invocation command line was

  $ ./configure CC=icc -std=c99 -fno-second-underscore CXX=icpc -fno-second-underscore FC=ifort F77=ifort --prefix=/home/cyrus/champ/lib/lib2/einspline

## --------- ##
## Platform. ##
## --------- ##

hostname = gauss
uname -m = x86_64
uname -r = 2.6.18-4-amd64
uname -s = Linux
uname -v = #1 SMP Fri May 4 00:37:33 UTC 2007

/usr/bin/uname -p = unknown
/bin/uname -X     = unknown

/bin/arch              = x86_64
/usr/bin/arch -k       = unknown
/usr/convex/getsysinfo = unknown
/usr/bin/hostinfo      = unknown
/bin/machine           = unknown
/usr/bin/oslevel       = unknown
/bin/universe          = unknown

PATH: /home/cyrus/temp_mpi/bin
PATH: /opt/intel/cce/10.1.015/bin
PATH: /opt/intel/idbe/10.1.015/bin
PATH: /opt/intel/fce/10.1.015/bin
PATH: .
PATH: ~/bin
PATH: /usr/local/bin
PATH: /usr/bin
PATH: /bin
PATH: /usr/games


## ----------- ##
## Core tests. ##
## ----------- ##

configure:2042: checking for a BSD-compatible install
configure:2098: result: /usr/bin/install -c
configure:2109: checking whether build environment is sane
configure:2152: result: yes
configure:2180: checking for a thread-safe mkdir -p
configure:2219: result: /bin/mkdir -p
configure:2232: checking for gawk
configure:2262: result: no
configure:2232: checking for mawk
configure:2248: found /usr/bin/mawk
configure:2259: result: mawk
configure:2270: checking whether make sets $(MAKE)
configure:2291: result: yes
configure:2497: checking for style of include used by make
configure:2525: result: GNU
configure:2595: checking for gcc
configure:2622: result: icc -std=c99 -fno-second-underscore
configure:2860: checking for C compiler version
configure:2867: icc -std=c99 -fno-second-underscore --version >&5
icc: command line warning #10006: ignoring unknown option '-fno-second-underscore'
icc (ICC) 10.1 20080312
Copyright (C) 1985-2008 Intel Corporation.  All rights reserved.

configure:2870: $? = 0
configure:2877: icc -std=c99 -fno-second-underscore -v >&5
icc: command line warning #10006: ignoring unknown option '-fno-second-underscore'
Version 10.1 
configure:2880: $? = 0
configure:2887: icc -std=c99 -fno-second-underscore -V >&5
Intel(R) C Compiler for applications running on Intel(R) 64, Version 10.1    Build 20080312 Package ID: l_cc_p_10.1.015
Copyright (C) 1985-2008 Intel Corporation.  All rights reserved.
icc: command line warning #10006: ignoring unknown option '-fno-second-underscore'

configure:2890: $? = 0
configure:2913: checking for C compiler default output file name
configure:2940: icc -std=c99 -fno-second-underscore    conftest.c  >&5
icc: command line warning #10006: ignoring unknown option '-fno-second-underscore'
configure:2943: $? = 0
configure:2981: result: a.out
configure:2998: checking whether the C compiler works
configure:3008: ./a.out
configure:3011: $? = 0
configure:3028: result: yes
configure:3035: checking whether we are cross compiling
configure:3037: result: no
configure:3040: checking for suffix of executables
configure:3047: icc -std=c99 -fno-second-underscore -o conftest    conftest.c  >&5
icc: command line warning #10006: ignoring unknown option '-fno-second-underscore'
configure:3050: $? = 0
configure:3074: result: 
configure:3080: checking for suffix of object files
configure:3106: icc -std=c99 -fno-second-underscore -c   conftest.c >&5
icc: command line warning #10006: ignoring unknown option '-fno-second-underscore'
configure:3109: $? = 0
configure:3132: result: o
configure:3136: checking whether we are using the GNU C compiler
configure:3165: icc -std=c99 -fno-second-underscore -c   conftest.c >&5
icc: command line warning #10006: ignoring unknown option '-fno-second-underscore'
configure:3171: $? = 0
configure:3188: result: yes
configure:3193: checking whether icc -std=c99 -fno-second-underscore accepts -g
configure:3223: icc -std=c99 -fno-second-underscore -c -g  conftest.c >&5
icc: command line warning #10006: ignoring unknown option '-fno-second-underscore'
configure:3229: $? = 0
configure: failed program was:
| /* confdefs.h.  */
| #define PACKAGE_NAME "einspline"
| #define PACKAGE_TARNAME "einspline"
| #define PACKAGE_VERSION "0.8.9"
| #define PACKAGE_STRING "einspline 0.8.9"
| #define PACKAGE_BUGREPORT "kesler@ciw.edu"
| #define PACKAGE "einspline"
| #define VERSION "0.8.9"
| /* end confdefs.h.  */
| 
| int
| main ()
| {
| 
|   ;
|   return 0;
| }
configure:3261: icc -std=c99 -fno-second-underscore -c   conftest.c >&5
icc: command line warning #10006: ignoring unknown option '-fno-second-underscore'
configure:3267: $? = 0
configure: failed program was:
| /* confdefs.h.  */
| #define PACKAGE_NAME "einspline"
| #define PACKAGE_TARNAME "einspline"
| #define PACKAGE_VERSION "0.8.9"
| #define PACKAGE_STRING "einspline 0.8.9"
| #define PACKAGE_BUGREPORT "kesler@ciw.edu"
| #define PACKAGE "einspline"
| #define VERSION "0.8.9"
| /* end confdefs.h.  */
| 
| int
| main ()
| {
| 
|   ;
|   return 0;
| }
configure:3300: icc -std=c99 -fno-second-underscore -c -g  conftest.c >&5
icc: command line warning #10006: ignoring unknown option '-fno-second-underscore'
configure:3306: $? = 0
configure:3328: result: yes
configure:3345: checking for icc -std=c99 -fno-second-underscore option to accept ISO C89
configure:3419: icc -std=c99 -fno-second-underscore  -c -g -O2  conftest.c >&5
icc: command line warning #10006: ignoring unknown option '-fno-second-underscore'
configure:3425: $? = 0
configure:3448: result: none needed
configure:3468: checking dependency style of icc -std=c99 -fno-second-underscore
configure:3559: result: gcc3
configure:3576: checking for icc -std=c99 -fno-second-underscore option to accept ISO C99
configure:3735: icc -std=c99 -fno-second-underscore  -c -g -O2  conftest.c >&5
icc: command line warning #10006: ignoring unknown option '-fno-second-underscore'
configure:3741: $? = 0
configure:3764: result: none needed
configure:3901: checking for icc -std=c99 -fno-second-underscore option to accept ISO Standard C
configure:3910: result: none needed
configure:4033: checking for C++ compiler version
configure:4040: icpc -fno-second-underscore --version >&5
icpc: command line warning #10006: ignoring unknown option '-fno-second-underscore'
icpc (ICC) 10.1 20080312
Copyright (C) 1985-2008 Intel Corporation.  All rights reserved.

configure:4043: $? = 0
configure:4050: icpc -fno-second-underscore -v >&5
icpc: command line warning #10006: ignoring unknown option '-fno-second-underscore'
Version 10.1 
configure:4053: $? = 0
configure:4060: icpc -fno-second-underscore -V >&5
Intel(R) C++ Compiler for applications running on Intel(R) 64, Version 10.1    Build 20080312 Package ID: l_cc_p_10.1.015
Copyright (C) 1985-2008 Intel Corporation.  All rights reserved.
icpc: command line warning #10006: ignoring unknown option '-fno-second-underscore'

configure:4063: $? = 0
configure:4066: checking whether we are using the GNU C++ compiler
configure:4095: icpc -fno-second-underscore -c   conftest.cpp >&5
icpc: command line warning #10006: ignoring unknown option '-fno-second-underscore'
configure:4101: $? = 0
configure:4118: result: yes
configure:4123: checking whether icpc -fno-second-underscore accepts -g
configure:4153: icpc -fno-second-underscore -c -g  conftest.cpp >&5
icpc: command line warning #10006: ignoring unknown option '-fno-second-underscore'
configure:4159: $? = 0
configure: failed program was:
| /* confdefs.h.  */
| #define PACKAGE_NAME "einspline"
| #define PACKAGE_TARNAME "einspline"
| #define PACKAGE_VERSION "0.8.9"
| #define PACKAGE_STRING "einspline 0.8.9"
| #define PACKAGE_BUGREPORT "kesler@ciw.edu"
| #define PACKAGE "einspline"
| #define VERSION "0.8.9"
| /* end confdefs.h.  */
| 
| int
| main ()
| {
| 
|   ;
|   return 0;
| }
configure:4191: icpc -fno-second-underscore -c   conftest.cpp >&5
icpc: command line warning #10006: ignoring unknown option '-fno-second-underscore'
configure:4197: $? = 0
configure: failed program was:
| /* confdefs.h.  */
| #define PACKAGE_NAME "einspline"
| #define PACKAGE_TARNAME "einspline"
| #define PACKAGE_VERSION "0.8.9"
| #define PACKAGE_STRING "einspline 0.8.9"
| #define PACKAGE_BUGREPORT "kesler@ciw.edu"
| #define PACKAGE "einspline"
| #define VERSION "0.8.9"
| /* end confdefs.h.  */
| 
| int
| main ()
| {
| 
|   ;
|   return 0;
| }
configure:4230: icpc -fno-second-underscore -c -g  conftest.cpp >&5
icpc: command line warning #10006: ignoring unknown option '-fno-second-underscore'
configure:4236: $? = 0
configure:4258: result: yes
configure:4283: checking dependency style of icpc -fno-second-underscore
configure:4374: result: gcc3
configure:4467: checking build system type
configure:4485: result: x86_64-unknown-linux-gnu
configure:4507: checking host system type
configure:4522: result: x86_64-unknown-linux-gnu
configure:4544: checking for a sed that does not truncate output
configure:4600: result: /bin/sed
configure:4603: checking for grep that handles long lines and -e
configure:4677: result: /bin/grep
configure:4682: checking for egrep
configure:4760: result: /bin/grep -E
configure:4776: checking for ld used by icc -std=c99 -fno-second-underscore
icc: command line warning #10006: ignoring unknown option '-fno-second-underscore'
configure:4843: result: /usr/bin/ld
configure:4852: checking if the linker (/usr/bin/ld) is GNU ld
configure:4867: result: yes
configure:4872: checking for /usr/bin/ld option to reload object files
configure:4879: result: -r
configure:4897: checking for BSD-compatible nm
configure:4946: result: /usr/bin/nm -B
configure:4950: checking whether ln -s works
configure:4954: result: yes
configure:4961: checking how to recognize dependent libraries
configure:5147: result: pass_all
configure:5236: icc -std=c99 -fno-second-underscore -c -g -O2  conftest.c >&5
icc: command line warning #10006: ignoring unknown option '-fno-second-underscore'
configure:5239: $? = 0
configure:5389: checking how to run the C preprocessor
configure:5429: icc -std=c99 -fno-second-underscore -E  conftest.c
icc: command line warning #10006: ignoring unknown option '-fno-second-underscore'
configure:5435: $? = 0
configure:5466: icc -std=c99 -fno-second-underscore -E  conftest.c
icc: command line warning #10006: ignoring unknown option '-fno-second-underscore'
conftest.c(10): error #5: could not open source file "ac_nonexistent.h"
  #include <ac_nonexistent.h>
                             ^

configure:5472: $? = 2
configure: failed program was:
| /* confdefs.h.  */
| #define PACKAGE_NAME "einspline"
| #define PACKAGE_TARNAME "einspline"
| #define PACKAGE_VERSION "0.8.9"
| #define PACKAGE_STRING "einspline 0.8.9"
| #define PACKAGE_BUGREPORT "kesler@ciw.edu"
| #define PACKAGE "einspline"
| #define VERSION "0.8.9"
| /* end confdefs.h.  */
| #include <ac_nonexistent.h>
configure:5505: result: icc -std=c99 -fno-second-underscore -E
configure:5534: icc -std=c99 -fno-second-underscore -E  conftest.c
icc: command line warning #10006: ignoring unknown option '-fno-second-underscore'
configure:5540: $? = 0
configure:5571: icc -std=c99 -fno-second-underscore -E  conftest.c
icc: command line warning #10006: ignoring unknown option '-fno-second-underscore'
conftest.c(10): error #5: could not open source file "ac_nonexistent.h"
  #include <ac_nonexistent.h>
                             ^

configure:5577: $? = 2
configure: failed program was:
| /* confdefs.h.  */
| #define PACKAGE_NAME "einspline"
| #define PACKAGE_TARNAME "einspline"
| #define PACKAGE_VERSION "0.8.9"
| #define PACKAGE_STRING "einspline 0.8.9"
| #define PACKAGE_BUGREPORT "kesler@ciw.edu"
| #define PACKAGE "einspline"
| #define VERSION "0.8.9"
| /* end confdefs.h.  */
| #include <ac_nonexistent.h>
configure:5615: checking for ANSI C header files
configure:5645: icc -std=c99 -fno-second-underscore -c -g -O2  conftest.c >&5
icc: command line warning #10006: ignoring unknown option '-fno-second-underscore'
configure:5651: $? = 0
icc: command line warning #10006: ignoring unknown option '-fno-second-underscore'
icc: command line warning #10006: ignoring unknown option '-fno-second-underscore'
configure:5750: icc -std=c99 -fno-second-underscore -o conftest -g -O2   conftest.c  >&5
icc: command line warning #10006: ignoring unknown option '-fno-second-underscore'
configure:5753: $? = 0
configure:5759: ./conftest
configure:5762: $? = 0
configure:5779: result: yes
configure:5803: checking for sys/types.h
configure:5824: icc -std=c99 -fno-second-underscore -c -g -O2  conftest.c >&5
icc: command line warning #10006: ignoring unknown option '-fno-second-underscore'
configure:5830: $? = 0
configure:5846: result: yes
configure:5803: checking for sys/stat.h
configure:5824: icc -std=c99 -fno-second-underscore -c -g -O2  conftest.c >&5
icc: command line warning #10006: ignoring unknown option '-fno-second-underscore'
configure:5830: $? = 0
configure:5846: result: yes
configure:5803: checking for stdlib.h
configure:5824: icc -std=c99 -fno-second-underscore -c -g -O2  conftest.c >&5
icc: command line warning #10006: ignoring unknown option '-fno-second-underscore'
configure:5830: $? = 0
configure:5846: result: yes
configure:5803: checking for string.h
configure:5824: icc -std=c99 -fno-second-underscore -c -g -O2  conftest.c >&5
icc: command line warning #10006: ignoring unknown option '-fno-second-underscore'
configure:5830: $? = 0
configure:5846: result: yes
configure:5803: checking for memory.h
configure:5824: icc -std=c99 -fno-second-underscore -c -g -O2  conftest.c >&5
icc: command line warning #10006: ignoring unknown option '-fno-second-underscore'
configure:5830: $? = 0
configure:5846: result: yes
configure:5803: checking for strings.h
configure:5824: icc -std=c99 -fno-second-underscore -c -g -O2  conftest.c >&5
icc: command line warning #10006: ignoring unknown option '-fno-second-underscore'
configure:5830: $? = 0
configure:5846: result: yes
configure:5803: checking for inttypes.h
configure:5824: icc -std=c99 -fno-second-underscore -c -g -O2  conftest.c >&5
icc: command line warning #10006: ignoring unknown option '-fno-second-underscore'
configure:5830: $? = 0
configure:5846: result: yes
configure:5803: checking for stdint.h
configure:5824: icc -std=c99 -fno-second-underscore -c -g -O2  conftest.c >&5
icc: command line warning #10006: ignoring unknown option '-fno-second-underscore'
configure:5830: $? = 0
configure:5846: result: yes
configure:5803: checking for unistd.h
configure:5824: icc -std=c99 -fno-second-underscore -c -g -O2  conftest.c >&5
icc: command line warning #10006: ignoring unknown option '-fno-second-underscore'
configure:5830: $? = 0
configure:5846: result: yes
configure:5873: checking dlfcn.h usability
configure:5890: icc -std=c99 -fno-second-underscore -c -g -O2  conftest.c >&5
icc: command line warning #10006: ignoring unknown option '-fno-second-underscore'
configure:5896: $? = 0
configure:5910: result: yes
configure:5914: checking dlfcn.h presence
configure:5929: icc -std=c99 -fno-second-underscore -E  conftest.c
icc: command line warning #10006: ignoring unknown option '-fno-second-underscore'
configure:5935: $? = 0
configure:5949: result: yes
configure:5982: checking for dlfcn.h
configure:5990: result: yes
configure:6013: checking how to run the C++ preprocessor
configure:6049: icpc -fno-second-underscore -E  conftest.cpp
icpc: command line warning #10006: ignoring unknown option '-fno-second-underscore'
configure:6055: $? = 0
configure:6086: icpc -fno-second-underscore -E  conftest.cpp
icpc: command line warning #10006: ignoring unknown option '-fno-second-underscore'
conftest.cpp(21): error #5: could not open source file "ac_nonexistent.h"
  #include <ac_nonexistent.h>
                             ^

configure:6092: $? = 2
configure: failed program was:
| /* confdefs.h.  */
| #define PACKAGE_NAME "einspline"
| #define PACKAGE_TARNAME "einspline"
| #define PACKAGE_VERSION "0.8.9"
| #define PACKAGE_STRING "einspline 0.8.9"
| #define PACKAGE_BUGREPORT "kesler@ciw.edu"
| #define PACKAGE "einspline"
| #define VERSION "0.8.9"
| #define STDC_HEADERS 1
| #define HAVE_SYS_TYPES_H 1
| #define HAVE_SYS_STAT_H 1
| #define HAVE_STDLIB_H 1
| #define HAVE_STRING_H 1
| #define HAVE_MEMORY_H 1
| #define HAVE_STRINGS_H 1
| #define HAVE_INTTYPES_H 1
| #define HAVE_STDINT_H 1
| #define HAVE_UNISTD_H 1
| #define HAVE_DLFCN_H 1
| /* end confdefs.h.  */
| #include <ac_nonexistent.h>
configure:6125: result: icpc -fno-second-underscore -E
configure:6154: icpc -fno-second-underscore -E  conftest.cpp
icpc: command line warning #10006: ignoring unknown option '-fno-second-underscore'
configure:6160: $? = 0
configure:6191: icpc -fno-second-underscore -E  conftest.cpp
icpc: command line warning #10006: ignoring unknown option '-fno-second-underscore'
conftest.cpp(21): error #5: could not open source file "ac_nonexistent.h"
  #include <ac_nonexistent.h>
                             ^

configure:6197: $? = 2
configure: failed program was:
| /* confdefs.h.  */
| #define PACKAGE_NAME "einspline"
| #define PACKAGE_TARNAME "einspline"
| #define PACKAGE_VERSION "0.8.9"
| #define PACKAGE_STRING "einspline 0.8.9"
| #define PACKAGE_BUGREPORT "kesler@ciw.edu"
| #define PACKAGE "einspline"
| #define VERSION "0.8.9"
| #define STDC_HEADERS 1
| #define HAVE_SYS_TYPES_H 1
| #define HAVE_SYS_STAT_H 1
| #define HAVE_STDLIB_H 1
| #define HAVE_STRING_H 1
| #define HAVE_MEMORY_H 1
| #define HAVE_STRINGS_H 1
| #define HAVE_INTTYPES_H 1
| #define HAVE_STDINT_H 1
| #define HAVE_UNISTD_H 1
| #define HAVE_DLFCN_H 1
| /* end confdefs.h.  */
| #include <ac_nonexistent.h>
configure:6347: checking for Fortran 77 compiler version
configure:6354: ifort --version >&5
ifort (IFORT) 10.1 20080312
Copyright (C) 1985-2008 Intel Corporation.  All rights reserved.

configure:6357: $? = 0
configure:6364: ifort -v >&5
Version 10.1 
configure:6367: $? = 0
configure:6374: ifort -V >&5
Intel(R) Fortran Compiler for applications running on Intel(R) 64, Version 10.1    Build 20080312 Package ID: l_fc_p_10.1.015
Copyright (C) 1985-2008 Intel Corporation.  All rights reserved.

configure:6377: $? = 0
configure:6385: checking whether we are using the GNU Fortran 77 compiler
configure:6404: ifort -c -zero -save -extend_source -w -r8 -O3 -pad -mtune=core2 -march=core2 -xT conftest.F >&5
fortcom: Error: conftest.F, line 3: Syntax error, found END-OF-STATEMENT when expecting one of: => = . ( : %
       choke me
---------------^
fortcom: Error: conftest.F, line 3: This statement is positioned incorrectly and/or has syntax errors.
       choke me
---------------^
compilation aborted for conftest.F (code 1)
configure:6410: $? = 1
configure: failed program was:
|       program main
| #ifndef __GNUC__
|        choke me
| #endif
| 
|       end
configure:6427: result: no
configure:6433: checking whether ifort accepts -g
configure:6450: ifort -c -g conftest.f >&5
configure:6456: $? = 0
configure:6472: result: yes
configure:6502: checking the maximum length of command line arguments
configure:6614: result: 98304
configure:6626: checking command to parse /usr/bin/nm -B output from icc -std=c99 -fno-second-underscore object
configure:6731: icc -std=c99 -fno-second-underscore -c -g -O2  conftest.c >&5
icc: command line warning #10006: ignoring unknown option '-fno-second-underscore'
configure:6734: $? = 0
configure:6738: /usr/bin/nm -B conftest.o \| sed -n -e 's/^.*[ 	]\([ABCDGIRSTW][ABCDGIRSTW]*\)[ 	][ 	]*\([_A-Za-z][_A-Za-z0-9]*\)$/\1 \2 \2/p' \> conftest.nm
configure:6741: $? = 0
configure:6793: icc -std=c99 -fno-second-underscore -o conftest -g -O2   conftest.c conftstm.o >&5
icc: command line warning #10006: ignoring unknown option '-fno-second-underscore'
configure:6796: $? = 0
configure:6834: result: ok
configure:6838: checking for objdir
configure:6853: result: .libs
configure:6945: checking for ar
configure:6972: result: ar
configure:7041: checking for ranlib
configure:7057: found /usr/bin/ranlib
configure:7068: result: ranlib
configure:7137: checking for strip
configure:7153: found /usr/bin/strip
configure:7164: result: strip
configure:7450: checking if icc -std=c99 -fno-second-underscore supports -fno-rtti -fno-exceptions
configure:7468: icc -std=c99 -fno-second-underscore -c -g -O2  -fno-rtti -fno-exceptions conftest.c >&5
icc: command line warning #10006: ignoring unknown option '-fno-second-underscore'
configure:7472: $? = 0
configure:7485: result: yes
configure:7500: checking for icc -std=c99 -fno-second-underscore option to produce PIC
configure:7732: result: -fPIC
configure:7740: checking if icc -std=c99 -fno-second-underscore PIC flag -fPIC works
configure:7758: icc -std=c99 -fno-second-underscore -c -g -O2  -fPIC -DPIC conftest.c >&5
icc: command line warning #10006: ignoring unknown option '-fno-second-underscore'
configure:7762: $? = 0
configure:7775: result: yes
configure:7803: checking if icc -std=c99 -fno-second-underscore static flag -static works
icc: command line warning #10006: ignoring unknown option '-fno-second-underscore'
configure:7831: result: yes
configure:7841: checking if icc -std=c99 -fno-second-underscore supports -c -o file.o
configure:7862: icc -std=c99 -fno-second-underscore -c -g -O2  -o out/conftest2.o conftest.c >&5
icc: command line warning #10006: ignoring unknown option '-fno-second-underscore'
configure:7866: $? = 0
configure:7888: result: yes
configure:7914: checking whether the icc -std=c99 -fno-second-underscore linker (/usr/bin/ld -m elf_x86_64) supports shared libraries
configure:8894: result: yes
configure:8915: checking whether -lc should be explicitly linked in
configure:8920: icc -std=c99 -fno-second-underscore -c -g -O2  conftest.c >&5
icc: command line warning #10006: ignoring unknown option '-fno-second-underscore'
configure:8923: $? = 0
configure:8938: icc -std=c99 -fno-second-underscore -shared conftest.o  -v -Wl,-soname -Wl,conftest -o conftest 2\>\&1 \| grep  -lc  \>/dev/null 2\>\&1
configure:8941: $? = 0
configure:8953: result: no
configure:8961: checking dynamic linker characteristics
configure:9565: result: GNU/Linux ld.so
configure:9574: checking how to hardcode library paths into programs
configure:9599: result: immediate
configure:9613: checking whether stripping libraries is possible
configure:9618: result: yes
configure:10420: checking if libtool supports shared libraries
configure:10422: result: yes
configure:10425: checking whether to build shared libraries
configure:10446: result: yes
configure:10449: checking whether to build static libraries
configure:10453: result: yes
configure:10546: creating libtool
configure:11134: checking for ld used by icpc -fno-second-underscore
icpc: command line warning #10006: ignoring unknown option '-fno-second-underscore'
configure:11201: result: /usr/bin/ld -m elf_x86_64
configure:11210: checking if the linker (/usr/bin/ld -m elf_x86_64) is GNU ld
configure:11225: result: yes
configure:11276: checking whether the icpc -fno-second-underscore linker (/usr/bin/ld -m elf_x86_64) supports shared libraries
configure:12250: result: yes
configure:12268: icpc -fno-second-underscore -c -g -O2  conftest.cpp >&5
icpc: command line warning #10006: ignoring unknown option '-fno-second-underscore'
configure:12271: $? = 0
configure:12423: checking for icpc -fno-second-underscore option to produce PIC
configure:12707: result: -fPIC
configure:12715: checking if icpc -fno-second-underscore PIC flag -fPIC works
configure:12733: icpc -fno-second-underscore -c -g -O2  -fPIC -DPIC conftest.cpp >&5
icpc: command line warning #10006: ignoring unknown option '-fno-second-underscore'
configure:12737: $? = 0
configure:12750: result: yes
configure:12778: checking if icpc -fno-second-underscore static flag -static works
icpc: command line warning #10006: ignoring unknown option '-fno-second-underscore'
configure:12806: result: yes
configure:12816: checking if icpc -fno-second-underscore supports -c -o file.o
configure:12837: icpc -fno-second-underscore -c -g -O2  -o out/conftest2.o conftest.cpp >&5
icpc: command line warning #10006: ignoring unknown option '-fno-second-underscore'
configure:12841: $? = 0
configure:12863: result: yes
configure:12889: checking whether the icpc -fno-second-underscore linker (/usr/bin/ld -m elf_x86_64) supports shared libraries
configure:12914: result: yes
configure:12981: checking dynamic linker characteristics
configure:13533: result: GNU/Linux ld.so
configure:13542: checking how to hardcode library paths into programs
configure:13567: result: immediate
configure:14101: checking if libtool supports shared libraries
configure:14103: result: yes
configure:14106: checking whether to build shared libraries
configure:14126: result: yes
configure:14129: checking whether to build static libraries
configure:14133: result: yes
configure:14143: checking for ifort option to produce PIC
configure:14375: result: -fPIC
configure:14383: checking if ifort PIC flag -fPIC works
configure:14401: ifort -c -zero -save -extend_source -w -r8 -O3 -pad -mtune=core2 -march=core2 -xT -fPIC conftest.f >&5
configure:14405: $? = 0
configure:14418: result: yes
configure:14446: checking if ifort static flag -static works
configure:14474: result: yes
configure:14484: checking if ifort supports -c -o file.o
configure:14505: ifort -c -zero -save -extend_source -w -r8 -O3 -pad -mtune=core2 -march=core2 -xT -o out/conftest2.o conftest.f >&5
configure:14509: $? = 0
configure:14531: result: yes
configure:14557: checking whether the ifort linker (/usr/bin/ld -m elf_x86_64) supports shared libraries
configure:15517: result: yes
configure:15584: checking dynamic linker characteristics
configure:16136: result: GNU/Linux ld.so
configure:16145: checking how to hardcode library paths into programs
configure:16170: result: immediate
configure:19791: checking for pkg-config
configure:19824: result: no
configure:19865: checking for C compiler vendor
configure:19899: icc -std=c99 -fno-second-underscore -c -g -O2  conftest.c >&5
icc: command line warning #10006: ignoring unknown option '-fno-second-underscore'
configure:19905: $? = 0
configure:19922: result: intel
configure:20043: checking for x86 cpuid 0 output
configure:20082: icc -std=c99 -fno-second-underscore -o conftest -O3   conftest.c  >&5
icc: command line warning #10006: ignoring unknown option '-fno-second-underscore'
configure:20085: $? = 0
configure:20091: ./conftest
configure:20094: $? = 0
configure:20110: result: 1:68747541:444d4163:69746e65
configure:20126: checking for x86 cpuid 1 output
configure:20165: icc -std=c99 -fno-second-underscore -o conftest -O3   conftest.c  >&5
icc: command line warning #10006: ignoring unknown option '-fno-second-underscore'
configure:20168: $? = 0
configure:20174: ./conftest
configure:20177: $? = 0
configure:20193: result: f58:800:0:78bfbff
configure:20272: checking for icc architecture flag
configure:20274: result: unknown
configure:20995: checking whether C compiler accepts -O3
configure:21020: icc -std=c99 -fno-second-underscore -c -O3  conftest.c >&5
icc: command line warning #10006: ignoring unknown option '-fno-second-underscore'
configure:21026: $? = 0
configure:21042: result: yes
configure:21063: checking for C++ compiler vendor
configure:21097: icc -std=c99 -fno-second-underscore -c -O3  conftest.c >&5
icc: command line warning #10006: ignoring unknown option '-fno-second-underscore'
configure:21103: $? = 0
configure:21120: result: intel
configure:21248: checking for x86 cpuid 0 output
configure:21315: result: 1:68747541:444d4163:69746e65
configure:21331: checking for x86 cpuid 1 output
configure:21398: result: f58:800:0:78bfbff
configure:21477: checking for icc architecture flag
configure:21479: result: unknown
configure:22196: checking whether C++ compiler accepts -O3 -restrict
configure:22221: icpc -fno-second-underscore -c -O3 -restrict  conftest.cpp >&5
icpc: command line warning #10006: ignoring unknown option '-fno-second-underscore'
configure:22227: $? = 0
configure:22243: result: yes
configure:22271: checking for Fortran 77 compiler vendor
configure:22295: icc -std=c99 -fno-second-underscore -c -O3  conftest.c >&5
icc: command line warning #10006: ignoring unknown option '-fno-second-underscore'
conftest.c(1): error: identifier "program" is undefined
        program main
        ^

conftest.c(7): error: expected a ";"
        end
        ^

compilation aborted for conftest.c (code 2)
configure:22301: $? = 2
configure: failed program was:
|       program main
| 
| #if !(defined(__ICC) || defined(__ECC) || defined(__INTEL_COMPILER) || defined(__IFC) || defined(__IFORT))
|       thisisanerror;
| #endif
| 
|       end
configure:22295: icc -std=c99 -fno-second-underscore -c -O3  conftest.c >&5
icc: command line warning #10006: ignoring unknown option '-fno-second-underscore'
conftest.c(1): error: identifier "program" is undefined
        program main
        ^

conftest.c(4): error: expected a ";"
        thisisanerror;
        ^

conftest.c(7): warning #77: this declaration has no storage class or type specifier
        end
        ^

conftest.c(7): error: expected a ";"

compilation aborted for conftest.c (code 2)
configure:22301: $? = 2
configure: failed program was:
|       program main
| 
| #if !(defined(__xlc__) || defined(__xlC__) || defined(__IBMC__) || defined(__IBMCPP__))
|       thisisanerror;
| #endif
| 
|       end
configure:22295: icc -std=c99 -fno-second-underscore -c -O3  conftest.c >&5
icc: command line warning #10006: ignoring unknown option '-fno-second-underscore'
conftest.c(1): error: identifier "program" is undefined
        program main
        ^

conftest.c(7): error: expected a ";"
        end
        ^

compilation aborted for conftest.c (code 2)
configure:22301: $? = 2
configure: failed program was:
|       program main
| 
| #if !(defined(__GNUC__))
|       thisisanerror;
| #endif
| 
|       end
configure:22295: icc -std=c99 -fno-second-underscore -c -O3  conftest.c >&5
icc: command line warning #10006: ignoring unknown option '-fno-second-underscore'
conftest.c(1): error: identifier "program" is undefined
        program main
        ^

conftest.c(4): error: expected a ";"
        thisisanerror;
        ^

conftest.c(7): warning #77: this declaration has no storage class or type specifier
        end
        ^

conftest.c(7): error: expected a ";"

compilation aborted for conftest.c (code 2)
configure:22301: $? = 2
configure: failed program was:
|       program main
| 
| #if !(defined(__SUNPRO_C) || defined(__SUNPRO_CC))
|       thisisanerror;
| #endif
| 
|       end
configure:22295: icc -std=c99 -fno-second-underscore -c -O3  conftest.c >&5
icc: command line warning #10006: ignoring unknown option '-fno-second-underscore'
conftest.c(1): error: identifier "program" is undefined
        program main
        ^

conftest.c(4): error: expected a ";"
        thisisanerror;
        ^

conftest.c(7): warning #77: this declaration has no storage class or type specifier
        end
        ^

conftest.c(7): error: expected a ";"

compilation aborted for conftest.c (code 2)
configure:22301: $? = 2
configure: failed program was:
|       program main
| 
| #if !(defined(__HP_cc) || defined(__HP_aCC))
|       thisisanerror;
| #endif
| 
|       end
configure:22295: icc -std=c99 -fno-second-underscore -c -O3  conftest.c >&5
icc: command line warning #10006: ignoring unknown option '-fno-second-underscore'
conftest.c(1): error: identifier "program" is undefined
        program main
        ^

conftest.c(4): error: expected a ";"
        thisisanerror;
        ^

conftest.c(7): warning #77: this declaration has no storage class or type specifier
        end
        ^

conftest.c(7): error: expected a ";"

compilation aborted for conftest.c (code 2)
configure:22301: $? = 2
configure: failed program was:
|       program main
| 
| #if !(defined(__DECC) || defined(__DECCXX) || defined(__DECC_VER) || defined(__DECCXX_VER))
|       thisisanerror;
| #endif
| 
|       end
configure:22295: icc -std=c99 -fno-second-underscore -c -O3  conftest.c >&5
icc: command line warning #10006: ignoring unknown option '-fno-second-underscore'
conftest.c(1): error: identifier "program" is undefined
        program main
        ^

conftest.c(4): error: expected a ";"
        thisisanerror;
        ^

conftest.c(7): warning #77: this declaration has no storage class or type specifier
        end
        ^

conftest.c(7): error: expected a ";"

compilation aborted for conftest.c (code 2)
configure:22301: $? = 2
configure: failed program was:
|       program main
| 
| #if !(defined(__BORLANDC__) || defined(__TURBOC__))
|       thisisanerror;
| #endif
| 
|       end
configure:22295: icc -std=c99 -fno-second-underscore -c -O3  conftest.c >&5
icc: command line warning #10006: ignoring unknown option '-fno-second-underscore'
conftest.c(1): error: identifier "program" is undefined
        program main
        ^

conftest.c(4): error: expected a ";"
        thisisanerror;
        ^

conftest.c(7): warning #77: this declaration has no storage class or type specifier
        end
        ^

conftest.c(7): error: expected a ";"

compilation aborted for conftest.c (code 2)
configure:22301: $? = 2
configure: failed program was:
|       program main
| 
| #if !(defined(__COMO__))
|       thisisanerror;
| #endif
| 
|       end
configure:22295: icc -std=c99 -fno-second-underscore -c -O3  conftest.c >&5
icc: command line warning #10006: ignoring unknown option '-fno-second-underscore'
conftest.c(1): error: identifier "program" is undefined
        program main
        ^

conftest.c(4): error: expected a ";"
        thisisanerror;
        ^

conftest.c(7): warning #77: this declaration has no storage class or type specifier
        end
        ^

conftest.c(7): error: expected a ";"

compilation aborted for conftest.c (code 2)
configure:22301: $? = 2
configure: failed program was:
|       program main
| 
| #if !(defined(_CRAYC))
|       thisisanerror;
| #endif
| 
|       end
configure:22295: icc -std=c99 -fno-second-underscore -c -O3  conftest.c >&5
icc: command line warning #10006: ignoring unknown option '-fno-second-underscore'
conftest.c(1): error: identifier "program" is undefined
        program main
        ^

conftest.c(4): error: expected a ";"
        thisisanerror;
        ^

conftest.c(7): warning #77: this declaration has no storage class or type specifier
        end
        ^

conftest.c(7): error: expected a ";"

compilation aborted for conftest.c (code 2)
configure:22301: $? = 2
configure: failed program was:
|       program main
| 
| #if !(defined(__KCC))
|       thisisanerror;
| #endif
| 
|       end
configure:22295: icc -std=c99 -fno-second-underscore -c -O3  conftest.c >&5
icc: command line warning #10006: ignoring unknown option '-fno-second-underscore'
conftest.c(1): error: identifier "program" is undefined
        program main
        ^

conftest.c(4): error: expected a ";"
        thisisanerror;
        ^

conftest.c(7): warning #77: this declaration has no storage class or type specifier
        end
        ^

conftest.c(7): error: expected a ";"

compilation aborted for conftest.c (code 2)
configure:22301: $? = 2
configure: failed program was:
|       program main
| 
| #if !(defined(__LCC__))
|       thisisanerror;
| #endif
| 
|       end
configure:22295: icc -std=c99 -fno-second-underscore -c -O3  conftest.c >&5
icc: command line warning #10006: ignoring unknown option '-fno-second-underscore'
conftest.c(1): error: identifier "program" is undefined
        program main
        ^

conftest.c(4): error: expected a ";"
        thisisanerror;
        ^

conftest.c(7): warning #77: this declaration has no storage class or type specifier
        end
        ^

conftest.c(7): error: expected a ";"

compilation aborted for conftest.c (code 2)
configure:22301: $? = 2
configure: failed program was:
|       program main
| 
| #if !(defined(__MWERKS__))
|       thisisanerror;
| #endif
| 
|       end
configure:22295: icc -std=c99 -fno-second-underscore -c -O3  conftest.c >&5
icc: command line warning #10006: ignoring unknown option '-fno-second-underscore'
conftest.c(1): error: identifier "program" is undefined
        program main
        ^

conftest.c(4): error: expected a ";"
        thisisanerror;
        ^

conftest.c(7): warning #77: this declaration has no storage class or type specifier
        end
        ^

conftest.c(7): error: expected a ";"

compilation aborted for conftest.c (code 2)
configure:22301: $? = 2
configure: failed program was:
|       program main
| 
| #if !(defined(__sgi) || defined(sgi))
|       thisisanerror;
| #endif
| 
|       end
configure:22295: icc -std=c99 -fno-second-underscore -c -O3  conftest.c >&5
icc: command line warning #10006: ignoring unknown option '-fno-second-underscore'
conftest.c(1): error: identifier "program" is undefined
        program main
        ^

conftest.c(4): error: expected a ";"
        thisisanerror;
        ^

conftest.c(7): warning #77: this declaration has no storage class or type specifier
        end
        ^

conftest.c(7): error: expected a ";"

compilation aborted for conftest.c (code 2)
configure:22301: $? = 2
configure: failed program was:
|       program main
| 
| #if !(defined(_MSC_VER))
|       thisisanerror;
| #endif
| 
|       end
configure:22295: icc -std=c99 -fno-second-underscore -c -O3  conftest.c >&5
icc: command line warning #10006: ignoring unknown option '-fno-second-underscore'
conftest.c(1): error: identifier "program" is undefined
        program main
        ^

conftest.c(4): error: expected a ";"
        thisisanerror;
        ^

conftest.c(7): warning #77: this declaration has no storage class or type specifier
        end
        ^

conftest.c(7): error: expected a ";"

compilation aborted for conftest.c (code 2)
configure:22301: $? = 2
configure: failed program was:
|       program main
| 
| #if !(defined(__WATCOMC__))
|       thisisanerror;
| #endif
| 
|       end
configure:22295: icc -std=c99 -fno-second-underscore -c -O3  conftest.c >&5
icc: command line warning #10006: ignoring unknown option '-fno-second-underscore'
conftest.c(1): error: identifier "program" is undefined
        program main
        ^

conftest.c(4): error: expected a ";"
        thisisanerror;
        ^

conftest.c(7): warning #77: this declaration has no storage class or type specifier
        end
        ^

conftest.c(7): error: expected a ";"

compilation aborted for conftest.c (code 2)
configure:22301: $? = 2
configure: failed program was:
|       program main
| 
| #if !(defined(__PGI))
|       thisisanerror;
| #endif
| 
|       end
configure:22318: result: unknown
configure:23391: checking for restrict
configure:23426: icpc -fno-second-underscore -c -O3 -restrict  conftest.cpp >&5
icpc: command line warning #10006: ignoring unknown option '-fno-second-underscore'
configure:23432: $? = 0
configure:23455: result: restrict
configure:23471: checking for sqrt in -lm
configure:23506: icc -std=c99 -fno-second-underscore -o conftest -O3   conftest.c -lm   >&5
icc: command line warning #10006: ignoring unknown option '-fno-second-underscore'
conftest.c(32) (col. 8): warning #980: wrong number of actual arguments to intrinsic function "sqrt"

configure:23512: $? = 0
configure:23530: result: yes
configure:23541: checking LIBS = -lm 
configure:23544: checking for ANSI C header files
configure:23708: result: yes
configure:23725: checking for stdlib.h
configure:23731: result: yes
configure:23735: checking sys/time.h usability
configure:23752: icc -std=c99 -fno-second-underscore -c -O3  conftest.c >&5
icc: command line warning #10006: ignoring unknown option '-fno-second-underscore'
configure:23758: $? = 0
configure:23772: result: yes
configure:23776: checking sys/time.h presence
configure:23791: icc -std=c99 -fno-second-underscore -E  conftest.c
icc: command line warning #10006: ignoring unknown option '-fno-second-underscore'
configure:23797: $? = 0
configure:23811: result: yes
configure:23844: checking for sys/time.h
configure:23852: result: yes
configure:23725: checking for unistd.h
configure:23731: result: yes
configure:23866: checking for variable-length arrays
configure:23892: icc -std=c99 -fno-second-underscore -c -O3  conftest.c >&5
icc: command line warning #10006: ignoring unknown option '-fno-second-underscore'
configure:23898: $? = 0
configure:23913: result: yes
configure:23924: checking optimal compiler flags
configure:23928: result: -O3 -g
configure:24989: checking how to get verbose linking output from ifort
configure:25005: ifort -c -zero -save -extend_source -w -r8 -O3 -pad -mtune=core2 -march=core2 -xT conftest.f >&5
configure:25011: $? = 0
configure:25033: ifort -o conftest -zero -save -extend_source -w -r8 -O3 -pad -mtune=core2 -march=core2 -xT -v conftest.f -lm
Version 10.1 
/opt/intel/fce/10.1.015/bin/fortcom    -D__INTEL_COMPILER=1010 -D_MT -D__ELF__ -D__INTEL_COMPILER_BUILD_DATE=20080312 -D__unix__ -D__unix -D__linux__ -D__linux -D__gnu_linux__ -Dunix -Dlinux -D__x86_64 -D__x86_64__ -mGLOB_pack_sort_init_list -I. -I/opt/intel/fce/10.1.015/include -I/opt/intel/fce/10.1.015/substitute_headers -I/usr/lib/gcc/x86_64-linux-gnu/4.1.2/include -I/usr/local/include -I/usr/include -I/usr/lib/gcc/x86_64-linux-gnu/4.1.2/include "-align records" -noautomatic "-extend_source 132" "-fp_modspec fp_speculation_FAST" -O3 "-real_size 64" "-warn none" "-init zero" -mP1OPT_version=1010 -mGLOB_source_language=GLOB_SOURCE_LANGUAGE_F90 -mGLOB_tune_for_fort -mGLOB_use_fort_dope_vector -mP2OPT_static_promotion -mP1OPT_print_version=FALSE -mP3OPT_use_mspp_call_convention -mCG_use_gas_got_workaround=F -mP2OPT_align_option_used=TRUE "-mGLOB_options_string=-o conftest -zero -save -extend_source -w -r8 -O3 -pad -mtune=core2 -march=core2 -xT -v -lm" -mGLOB_cxx_limited_range=FALSE -mP2OPT_eh_nirvana -mGLOB_diag_file=/home/cyrus/temp_mpi/tmp//ifortRAo83a.diag -mGLOB_as_output_backup_file_name=/home/cyrus/temp_mpi/tmp//ifortzq6RA4as_.s -mGLOB_machine_model=GLOB_MACHINE_MODEL_EFI2 -mGLOB_fp_speculation=GLOB_FP_SPECULATION_FAST -mGLOB_extended_instructions=0x88 -mGLOB_advanced_optim=TRUE -mP2OPT_pad_local -mP2OPT_subs_out_of_bound=FALSE -mGLOB_ansi_alias -mIPOPT_ninl_user_level=2 -mIPOPT_args_in_regs=0 -mPGOPTI_value_profile_use=T -mGLOB_opt_level=3 -mIPOPT_activate -mIPOPT_lite -mP2OPT_hlo_level=3 -mP2OPT_hlo -mPAROPT_par_report=1 -mCG_emit_as_seg_grouping -mIPOPT_obj_output_file_name=/home/cyrus/temp_mpi/tmp//ifortRAo83a.o "-mGLOB_linker_version=2.17 Debian GNU/Linux" -mP3OPT_asm_target=P3OPT_ASM_TARGET_GAS -mGLOB_obj_output_file=/home/cyrus/temp_mpi/tmp//ifortRAo83a.o -mGLOB_source_dialect=GLOB_SOURCE_DIALECT_FORTRAN -mP1OPT_source_file_name=conftest.f conftest.f
ld    /usr/lib/gcc/x86_64-linux-gnu/4.1.2/../../../../lib64/crt1.o /usr/lib/gcc/x86_64-linux-gnu/4.1.2/../../../../lib64/crti.o /usr/lib/gcc/x86_64-linux-gnu/4.1.2/crtbegin.o --eh-frame-hdr -dynamic-linker /lib64/ld-linux-x86-64.so.2 -o conftest /opt/intel/fce/10.1.015/lib/for_main.o /home/cyrus/temp_mpi/tmp//ifortRAo83a.o -L/usr -limf -lm -L/opt/intel/fce/10.1.015/lib -L/usr/lib/gcc/x86_64-linux-gnu/4.1.2/ -L/usr/lib/gcc/x86_64-linux-gnu/4.1.2/../../../../lib64 -Bstatic -lifport -lifcore -limf -lsvml -Bdynamic -lm -Bstatic -lipgo -lirc -Bdynamic -lc -lgcc_s -lgcc -Bstatic -lirc_s -Bdynamic -ldl -lc /usr/lib/gcc/x86_64-linux-gnu/4.1.2/crtend.o /usr/lib/gcc/x86_64-linux-gnu/4.1.2/../../../../lib64/crtn.o
rm /home/cyrus/temp_mpi/tmp//ifortJ7yjHGlibgcc

rm /home/cyrus/temp_mpi/tmp//ifortYOM4zlgnudirs

rm /home/cyrus/temp_mpi/tmp//ifort0Gk9A4gas

rm /home/cyrus/temp_mpi/tmp//ifortzq6RA4as_.s

rm /home/cyrus/temp_mpi/tmp//ifort0blYF8ld_v

rm /home/cyrus/temp_mpi/tmp//ifortkElHybldashv

rm /home/cyrus/temp_mpi/tmp//ifortiJf2uoarg

rm /home/cyrus/temp_mpi/tmp//ifortO9jHlUgnudirs

rm /home/cyrus/temp_mpi/tmp//ifortRAo83a.o
configure:25099: result: -v
configure:25101: checking for Fortran 77 libraries of ifort
configure:25124: ifort -o conftest -zero -save -extend_source -w -r8 -O3 -pad -mtune=core2 -march=core2 -xT -v conftest.f -lm
Version 10.1 
/opt/intel/fce/10.1.015/bin/fortcom    -D__INTEL_COMPILER=1010 -D_MT -D__ELF__ -D__INTEL_COMPILER_BUILD_DATE=20080312 -D__unix__ -D__unix -D__linux__ -D__linux -D__gnu_linux__ -Dunix -Dlinux -D__x86_64 -D__x86_64__ -mGLOB_pack_sort_init_list -I. -I/opt/intel/fce/10.1.015/include -I/opt/intel/fce/10.1.015/substitute_headers -I/usr/lib/gcc/x86_64-linux-gnu/4.1.2/include -I/usr/local/include -I/usr/include -I/usr/lib/gcc/x86_64-linux-gnu/4.1.2/include "-align records" -noautomatic "-extend_source 132" "-fp_modspec fp_speculation_FAST" -O3 "-real_size 64" "-warn none" "-init zero" -mP1OPT_version=1010 -mGLOB_source_language=GLOB_SOURCE_LANGUAGE_F90 -mGLOB_tune_for_fort -mGLOB_use_fort_dope_vector -mP2OPT_static_promotion -mP1OPT_print_version=FALSE -mP3OPT_use_mspp_call_convention -mCG_use_gas_got_workaround=F -mP2OPT_align_option_used=TRUE "-mGLOB_options_string=-o conftest -zero -save -extend_source -w -r8 -O3 -pad -mtune=core2 -march=core2 -xT -v -lm" -mGLOB_cxx_limited_range=FALSE -mP2OPT_eh_nirvana -mGLOB_diag_file=/home/cyrus/temp_mpi/tmp//ifortxC1hYK.diag -mGLOB_as_output_backup_file_name=/home/cyrus/temp_mpi/tmp//ifortcwj4dWas_.s -mGLOB_machine_model=GLOB_MACHINE_MODEL_EFI2 -mGLOB_fp_speculation=GLOB_FP_SPECULATION_FAST -mGLOB_extended_instructions=0x88 -mGLOB_advanced_optim=TRUE -mP2OPT_pad_local -mP2OPT_subs_out_of_bound=FALSE -mGLOB_ansi_alias -mIPOPT_ninl_user_level=2 -mIPOPT_args_in_regs=0 -mPGOPTI_value_profile_use=T -mGLOB_opt_level=3 -mIPOPT_activate -mIPOPT_lite -mP2OPT_hlo_level=3 -mP2OPT_hlo -mPAROPT_par_report=1 -mCG_emit_as_seg_grouping -mIPOPT_obj_output_file_name=/home/cyrus/temp_mpi/tmp//ifortxC1hYK.o "-mGLOB_linker_version=2.17 Debian GNU/Linux" -mP3OPT_asm_target=P3OPT_ASM_TARGET_GAS -mGLOB_obj_output_file=/home/cyrus/temp_mpi/tmp//ifortxC1hYK.o -mGLOB_source_dialect=GLOB_SOURCE_DIALECT_FORTRAN -mP1OPT_source_file_name=conftest.f conftest.f
ld    /usr/lib/gcc/x86_64-linux-gnu/4.1.2/../../../../lib64/crt1.o /usr/lib/gcc/x86_64-linux-gnu/4.1.2/../../../../lib64/crti.o /usr/lib/gcc/x86_64-linux-gnu/4.1.2/crtbegin.o --eh-frame-hdr -dynamic-linker /lib64/ld-linux-x86-64.so.2 -o conftest /opt/intel/fce/10.1.015/lib/for_main.o /home/cyrus/temp_mpi/tmp//ifortxC1hYK.o -L/usr -limf -lm -L/opt/intel/fce/10.1.015/lib -L/usr/lib/gcc/x86_64-linux-gnu/4.1.2/ -L/usr/lib/gcc/x86_64-linux-gnu/4.1.2/../../../../lib64 -Bstatic -lifport -lifcore -limf -lsvml -Bdynamic -lm -Bstatic -lipgo -lirc -Bdynamic -lc -lgcc_s -lgcc -Bstatic -lirc_s -Bdynamic -ldl -lc /usr/lib/gcc/x86_64-linux-gnu/4.1.2/crtend.o /usr/lib/gcc/x86_64-linux-gnu/4.1.2/../../../../lib64/crtn.o
rm /home/cyrus/temp_mpi/tmp//ifortxlAwLQlibgcc

rm /home/cyrus/temp_mpi/tmp//ifortA4GdcJgnudirs

rm /home/cyrus/temp_mpi/tmp//ifortwrWCTSgas

rm /home/cyrus/temp_mpi/tmp//ifortcwj4dWas_.s

rm /home/cyrus/temp_mpi/tmp//ifortI3B0H3ld_v

rm /home/cyrus/temp_mpi/tmp//ifort2KIc7lldashv

rm /home/cyrus/temp_mpi/tmp//ifortuQ5v6Narg

rm /home/cyrus/temp_mpi/tmp//ifortE2Gqfygnudirs

rm /home/cyrus/temp_mpi/tmp//ifortxC1hYK.o
configure:25298: result:  -L/usr -limf -lm -L/opt/intel/fce/10.1.015/lib -L/usr/lib/gcc/x86_64-linux-gnu/4.1.2/ -L/usr/lib/gcc/x86_64-linux-gnu/4.1.2/../../../../lib64 -lifport -lifcore -lsvml -lipgo -lirc -lirc_s -ldl
configure:25314: checking for dummy main to link with Fortran 77 libraries
configure:25358: icc -std=c99 -fno-second-underscore -o conftest -O3 -g   conftest.c -lm   -L/usr -limf -lm -L/opt/intel/fce/10.1.015/lib -L/usr/lib/gcc/x86_64-linux-gnu/4.1.2/ -L/usr/lib/gcc/x86_64-linux-gnu/4.1.2/../../../../lib64 -lifport -lifcore -lsvml -lipgo -lirc -lirc_s -ldl >&5
icc: command line warning #10006: ignoring unknown option '-fno-second-underscore'
configure:25364: $? = 0
configure:25445: result: none
configure:25482: checking for Fortran 77 name-mangling scheme
configure:25501: ifort -c -zero -save -extend_source -w -r8 -O3 -pad -mtune=core2 -march=core2 -xT conftest.f >&5
configure:25507: $? = 0
configure:25562: icc -std=c99 -fno-second-underscore -o conftest -O3 -g   conftest.c cfortran_test.o -lm   -L/usr -limf -lm -L/opt/intel/fce/10.1.015/lib -L/usr/lib/gcc/x86_64-linux-gnu/4.1.2/ -L/usr/lib/gcc/x86_64-linux-gnu/4.1.2/../../../../lib64 -lifport -lifcore -lsvml -lipgo -lirc -lirc_s -ldl >&5
icc: command line warning #10006: ignoring unknown option '-fno-second-underscore'
/home/cyrus/temp_mpi/tmp//iccQA0xXz.o: In function `main':
/home/cyrus/champ/lib/lib2/einspline/conftest.c:46: undefined reference to `foobar'
configure:25568: $? = 1
configure: failed program was:
| /* confdefs.h.  */
| #define PACKAGE_NAME "einspline"
| #define PACKAGE_TARNAME "einspline"
| #define PACKAGE_VERSION "0.8.9"
| #define PACKAGE_STRING "einspline 0.8.9"
| #define PACKAGE_BUGREPORT "kesler@ciw.edu"
| #define PACKAGE "einspline"
| #define VERSION "0.8.9"
| #define STDC_HEADERS 1
| #define HAVE_SYS_TYPES_H 1
| #define HAVE_SYS_STAT_H 1
| #define HAVE_STDLIB_H 1
| #define HAVE_STRING_H 1
| #define HAVE_MEMORY_H 1
| #define HAVE_STRINGS_H 1
| #define HAVE_INTTYPES_H 1
| #define HAVE_STDINT_H 1
| #define HAVE_UNISTD_H 1
| #define HAVE_DLFCN_H 1
| #define HAVE_LIBM 1
| #define STDC_HEADERS 1
| #define HAVE_STDLIB_H 1
| #define HAVE_SYS_TIME_H 1
| #define HAVE_UNISTD_H 1
| #define HAVE_C_VARARRAYS 1
| /* end confdefs.h.  */
| 
| /* Override any GCC internal prototype to avoid an error.
|    Use char because int might match the return type of a GCC
|    builtin and then its argument prototype would still apply.  */
| #ifdef __cplusplus
| extern "C"
| #endif
| char foobar ();
| #ifdef F77_DUMMY_MAIN
| 
| #  ifdef __cplusplus
|      extern "C"
| #  endif
|    int F77_DUMMY_MAIN() { return 1; }
| 
| #endif
| int
| main ()
| {
| return foobar ();
|   ;
|   return 0;
| }
configure:25562: icc -std=c99 -fno-second-underscore -o conftest -O3 -g   conftest.c cfortran_test.o -lm   -L/usr -limf -lm -L/opt/intel/fce/10.1.015/lib -L/usr/lib/gcc/x86_64-linux-gnu/4.1.2/ -L/usr/lib/gcc/x86_64-linux-gnu/4.1.2/../../../../lib64 -lifport -lifcore -lsvml -lipgo -lirc -lirc_s -ldl >&5
icc: command line warning #10006: ignoring unknown option '-fno-second-underscore'
configure:25568: $? = 0
configure:25647: icc -std=c99 -fno-second-underscore -o conftest -O3 -g   conftest.c cfortran_test.o -lm   -L/usr -limf -lm -L/opt/intel/fce/10.1.015/lib -L/usr/lib/gcc/x86_64-linux-gnu/4.1.2/ -L/usr/lib/gcc/x86_64-linux-gnu/4.1.2/../../../../lib64 -lifport -lifcore -lsvml -lipgo -lirc -lirc_s -ldl >&5
icc: command line warning #10006: ignoring unknown option '-fno-second-underscore'
configure:25653: $? = 0
configure:25710: result: lower case, underscore, no extra underscore
configure:25814: checking how to get verbose linking output from ifort
configure:25924: result: -v
configure:25926: checking for Fortran 77 libraries of ifort
configure:26123: result:  -L/usr -limf -lm -L/opt/intel/fce/10.1.015/lib -L/usr/lib/gcc/x86_64-linux-gnu/4.1.2/ -L/usr/lib/gcc/x86_64-linux-gnu/4.1.2/../../../../lib64 -lifport -lifcore -lsvml -lipgo -lirc -lirc_s -ldl
configure:26139: checking for dummy main to link with Fortran 77 libraries
configure:26270: result: none
configure:26305: checking for stdbool.h that conforms to C99
configure:26406: icc -std=c99 -fno-second-underscore -c -O3 -g  conftest.c >&5
icc: command line warning #10006: ignoring unknown option '-fno-second-underscore'
conftest.c(106): warning #279: controlling expression is constant
  	return (!a + !b + !c + !d + !e + !f + !g + !h + !i + !!j + !k + !!l
  	         ^

conftest.c(106): warning #279: controlling expression is constant
  	return (!a + !b + !c + !d + !e + !f + !g + !h + !i + !!j + !k + !!l
  	              ^

conftest.c(106): warning #279: controlling expression is constant
  	return (!a + !b + !c + !d + !e + !f + !g + !h + !i + !!j + !k + !!l
  	                   ^

conftest.c(106): warning #279: controlling expression is constant
  	return (!a + !b + !c + !d + !e + !f + !g + !h + !i + !!j + !k + !!l
  	                        ^

conftest.c(106): warning #279: controlling expression is constant
  	return (!a + !b + !c + !d + !e + !f + !g + !h + !i + !!j + !k + !!l
  	                                  ^

conftest.c(106): warning #279: controlling expression is constant
  	return (!a + !b + !c + !d + !e + !f + !g + !h + !i + !!j + !k + !!l
  	                                       ^

conftest.c(106): warning #279: controlling expression is constant
  	return (!a + !b + !c + !d + !e + !f + !g + !h + !i + !!j + !k + !!l
  	                                            ^

conftest.c(106): warning #279: controlling expression is constant
  	return (!a + !b + !c + !d + !e + !f + !g + !h + !i + !!j + !k + !!l
  	                                                 ^

conftest.c(107): warning #279: controlling expression is constant
  		+ !m + !n + !o + !p + !q + !pq);
  		        ^

conftest.c(107): warning #279: controlling expression is constant
  		+ !m + !n + !o + !p + !q + !pq);
  		             ^

conftest.c(107): warning #279: controlling expression is constant
  		+ !m + !n + !o + !p + !q + !pq);
  		                  ^

configure:26412: $? = 0
configure:26427: result: yes
configure:26429: checking for _Bool
configure:26467: icc -std=c99 -fno-second-underscore -c -O3 -g  conftest.c >&5
icc: command line warning #10006: ignoring unknown option '-fno-second-underscore'
conftest.c(74): warning #279: controlling expression is constant
  if ((ac__type_new_ *) 0)
      ^

configure:26473: $? = 0
configure:26488: result: yes
configure:26507: checking for an ANSI C-conforming const
configure:26590: icc -std=c99 -fno-second-underscore -c -O3 -g  conftest.c >&5
icc: command line warning #10006: ignoring unknown option '-fno-second-underscore'
conftest.c(68): warning #592: variable "t" is used before its value is set
      *t++ = 0;
       ^

conftest.c(84): warning #592: variable "b" is used before its value is set
      struct s *b; b->j = 5;
                   ^

conftest.c(90): warning #592: variable "cs" is used before its value is set
    return !cs[0] && !zero.x;
            ^

configure:26596: $? = 0
configure:26611: result: yes
configure:26621: checking for inline
configure:26647: icc -std=c99 -fno-second-underscore -c -O3 -g  conftest.c >&5
icc: command line warning #10006: ignoring unknown option '-fno-second-underscore'
configure:26653: $? = 0
configure:26671: result: inline
configure:26690: checking for size_t
configure:26728: icc -std=c99 -fno-second-underscore -c -O3 -g  conftest.c >&5
icc: command line warning #10006: ignoring unknown option '-fno-second-underscore'
conftest.c(76): warning #279: controlling expression is constant
  if ((ac__type_new_ *) 0)
      ^

configure:26734: $? = 0
configure:26749: result: yes
configure:26763: checking for error_at_line
configure:26797: icc -std=c99 -fno-second-underscore -o conftest -O3 -g   conftest.c -lm  >&5
icc: command line warning #10006: ignoring unknown option '-fno-second-underscore'
configure:26803: $? = 0
configure:26820: result: yes
configure:26831: checking for working strtod
configure:26882: icc -std=c99 -fno-second-underscore -o conftest -O3 -g   conftest.c -lm  >&5
icc: command line warning #10006: ignoring unknown option '-fno-second-underscore'
configure:26885: $? = 0
configure:26891: ./conftest
configure:26894: $? = 0
configure:26910: result: yes
configure:27099: checking for clock_gettime
configure:27163: icc -std=c99 -fno-second-underscore -o conftest -O3 -g   conftest.c -lm  >&5
icc: command line warning #10006: ignoring unknown option '-fno-second-underscore'
/home/cyrus/temp_mpi/tmp//iccGwPUrX.o: In function `main':
/home/cyrus/champ/lib/lib2/einspline/conftest.c:73: undefined reference to `clock_gettime'
configure:27169: $? = 1
configure: failed program was:
| /* confdefs.h.  */
| #define PACKAGE_NAME "einspline"
| #define PACKAGE_TARNAME "einspline"
| #define PACKAGE_VERSION "0.8.9"
| #define PACKAGE_STRING "einspline 0.8.9"
| #define PACKAGE_BUGREPORT "kesler@ciw.edu"
| #define PACKAGE "einspline"
| #define VERSION "0.8.9"
| #define STDC_HEADERS 1
| #define HAVE_SYS_TYPES_H 1
| #define HAVE_SYS_STAT_H 1
| #define HAVE_STDLIB_H 1
| #define HAVE_STRING_H 1
| #define HAVE_MEMORY_H 1
| #define HAVE_STRINGS_H 1
| #define HAVE_INTTYPES_H 1
| #define HAVE_STDINT_H 1
| #define HAVE_UNISTD_H 1
| #define HAVE_DLFCN_H 1
| #define HAVE_LIBM 1
| #define STDC_HEADERS 1
| #define HAVE_STDLIB_H 1
| #define HAVE_SYS_TIME_H 1
| #define HAVE_UNISTD_H 1
| #define HAVE_C_VARARRAYS 1
| #define F77_FUNC(name,NAME) name ## _
| #define F77_FUNC_(name,NAME) name ## _
| #define HAVE__BOOL 1
| #define HAVE_STDBOOL_H 1
| /* end confdefs.h.  */
| /* Define clock_gettime to an innocuous variant, in case <limits.h> declares clock_gettime.
|    For example, HP-UX 11i <limits.h> declares gettimeofday.  */
| #define clock_gettime innocuous_clock_gettime
| 
| /* System header to define __stub macros and hopefully few prototypes,
|     which can conflict with char clock_gettime (); below.
|     Prefer <limits.h> to <assert.h> if __STDC__ is defined, since
|     <limits.h> exists even on freestanding compilers.  */
| 
| #ifdef __STDC__
| # include <limits.h>
| #else
| # include <assert.h>
| #endif
| 
| #undef clock_gettime
| 
| /* Override any GCC internal prototype to avoid an error.
|    Use char because int might match the return type of a GCC
|    builtin and then its argument prototype would still apply.  */
| #ifdef __cplusplus
| extern "C"
| #endif
| char clock_gettime ();
| /* The GNU C library defines this for functions which it implements
|     to always fail with ENOSYS.  Some functions are actually named
|     something starting with __ and the normal name is an alias.  */
| #if defined __stub_clock_gettime || defined __stub___clock_gettime
| choke me
| #endif
| 
| #ifdef F77_DUMMY_MAIN
| 
| #  ifdef __cplusplus
|      extern "C"
| #  endif
|    int F77_DUMMY_MAIN() { return 1; }
| 
| #endif
| int
| main ()
| {
| return clock_gettime ();
|   ;
|   return 0;
| }
configure:27187: result: no
configure:27099: checking for floor
configure:27163: icc -std=c99 -fno-second-underscore -o conftest -O3 -g   conftest.c -lm  >&5
icc: command line warning #10006: ignoring unknown option '-fno-second-underscore'
conftest.c(73) (col. 8): warning #980: wrong number of actual arguments to intrinsic function "floor"

configure:27169: $? = 0
configure:27187: result: yes
configure:27099: checking for pow
configure:27163: icc -std=c99 -fno-second-underscore -o conftest -O3 -g   conftest.c -lm  >&5
icc: command line warning #10006: ignoring unknown option '-fno-second-underscore'
conftest.c(74) (col. 8): warning #980: wrong number of actual arguments to intrinsic function "pow"

configure:27169: $? = 0
configure:27187: result: yes
configure:27099: checking for sqrt
configure:27163: icc -std=c99 -fno-second-underscore -o conftest -O3 -g   conftest.c -lm  >&5
icc: command line warning #10006: ignoring unknown option '-fno-second-underscore'
conftest.c(75) (col. 8): warning #980: wrong number of actual arguments to intrinsic function "sqrt"

configure:27169: $? = 0
configure:27187: result: yes
configure:27099: checking for strtol
configure:27163: icc -std=c99 -fno-second-underscore -o conftest -O3 -g   conftest.c -lm  >&5
icc: command line warning #10006: ignoring unknown option '-fno-second-underscore'
conftest.c(76) (col. 8): warning #980: wrong number of actual arguments to intrinsic function "strtol"

configure:27169: $? = 0
configure:27187: result: yes
configure:27099: checking for posix_memalign
configure:27163: icc -std=c99 -fno-second-underscore -o conftest -O3 -g   conftest.c -lm  >&5
icc: command line warning #10006: ignoring unknown option '-fno-second-underscore'
configure:27169: $? = 0
configure:27187: result: yes
configure:27379: creating ./config.status

## ---------------------- ##
## Running config.status. ##
## ---------------------- ##

This file was extended by einspline config.status 0.8.9, which was
generated by GNU Autoconf 2.61.  Invocation command line was

  CONFIG_FILES    = 
  CONFIG_HEADERS  = 
  CONFIG_LINKS    = 
  CONFIG_COMMANDS = 
  $ ./config.status 

on gauss

config.status:699: creating Makefile
config.status:699: creating src/Makefile
config.status:699: creating doc/Makefile
config.status:699: creating www/Makefile
config.status:699: creating einspline.pc
config.status:699: creating src/config.h
config.status:987: executing depfiles commands

## ---------------- ##
## Cache variables. ##
## ---------------- ##

ac_cv_build=x86_64-unknown-linux-gnu
ac_cv_c_compiler_gnu=yes
ac_cv_c_const=yes
ac_cv_c_inline=inline
ac_cv_c_vararrays=yes
ac_cv_cxx_compiler_gnu=yes
ac_cv_env_CCC_set=
ac_cv_env_CCC_value=
ac_cv_env_CC_set=set
ac_cv_env_CC_value='icc -std=c99 -fno-second-underscore'
ac_cv_env_CFLAGS_set=
ac_cv_env_CFLAGS_value=
ac_cv_env_CPPFLAGS_set=
ac_cv_env_CPPFLAGS_value=
ac_cv_env_CPP_set=
ac_cv_env_CPP_value=
ac_cv_env_CXXCPP_set=
ac_cv_env_CXXCPP_value=
ac_cv_env_CXXFLAGS_set=
ac_cv_env_CXXFLAGS_value=
ac_cv_env_CXX_set=set
ac_cv_env_CXX_value='icpc -fno-second-underscore'
ac_cv_env_F77_set=set
ac_cv_env_F77_value=ifort
ac_cv_env_FFLAGS_set=set
ac_cv_env_FFLAGS_value='-zero -save -extend_source -w -r8 -O3 -pad -mtune=core2 -march=core2 -xT'
ac_cv_env_FFTW3F_CFLAGS_set=
ac_cv_env_FFTW3F_CFLAGS_value=
ac_cv_env_FFTW3F_LIBS_set=
ac_cv_env_FFTW3F_LIBS_value=
ac_cv_env_FFTW3_CFLAGS_set=
ac_cv_env_FFTW3_CFLAGS_value=
ac_cv_env_FFTW3_LIBS_set=
ac_cv_env_FFTW3_LIBS_value=
ac_cv_env_LDFLAGS_set=
ac_cv_env_LDFLAGS_value=
ac_cv_env_LIBS_set=
ac_cv_env_LIBS_value=
ac_cv_env_PKG_CONFIG_set=
ac_cv_env_PKG_CONFIG_value=
ac_cv_env_build_alias_set=
ac_cv_env_build_alias_value=
ac_cv_env_host_alias_set=
ac_cv_env_host_alias_value=
ac_cv_env_target_alias_set=
ac_cv_env_target_alias_value=
ac_cv_f77_compiler_gnu=no
ac_cv_f77_dummy_main=none
ac_cv_f77_libs=' -L/usr -limf -lm -L/opt/intel/fce/10.1.015/lib -L/usr/lib/gcc/x86_64-linux-gnu/4.1.2/ -L/usr/lib/gcc/x86_64-linux-gnu/4.1.2/../../../../lib64 -lifport -lifcore -lsvml -lipgo -lirc -lirc_s -ldl'
ac_cv_f77_mangling='lower case, underscore, no extra underscore'
ac_cv_fortran_dummy_main=none
ac_cv_func_clock_gettime=no
ac_cv_func_floor=yes
ac_cv_func_posix_memalign=yes
ac_cv_func_pow=yes
ac_cv_func_sqrt=yes
ac_cv_func_strtod=yes
ac_cv_func_strtol=yes
ac_cv_header_dlfcn_h=yes
ac_cv_header_inttypes_h=yes
ac_cv_header_memory_h=yes
ac_cv_header_stdbool_h=yes
ac_cv_header_stdc=yes
ac_cv_header_stdint_h=yes
ac_cv_header_stdlib_h=yes
ac_cv_header_string_h=yes
ac_cv_header_strings_h=yes
ac_cv_header_sys_stat_h=yes
ac_cv_header_sys_time_h=yes
ac_cv_header_sys_types_h=yes
ac_cv_header_unistd_h=yes
ac_cv_host=x86_64-unknown-linux-gnu
ac_cv_lib_error_at_line=yes
ac_cv_lib_m_sqrt=yes
ac_cv_objext=o
ac_cv_path_EGREP='/bin/grep -E'
ac_cv_path_GREP=/bin/grep
ac_cv_path_install='/usr/bin/install -c'
ac_cv_path_mkdir=/bin/mkdir
ac_cv_prog_AWK=mawk
ac_cv_prog_CPP='icc -std=c99 -fno-second-underscore -E'
ac_cv_prog_CXXCPP='icpc -fno-second-underscore -E'
ac_cv_prog_ac_ct_AR=ar
ac_cv_prog_ac_ct_CC='icc -std=c99 -fno-second-underscore'
ac_cv_prog_ac_ct_RANLIB=ranlib
ac_cv_prog_ac_ct_STRIP=strip
ac_cv_prog_cc_c89=
ac_cv_prog_cc_c99=
ac_cv_prog_cc_g=yes
ac_cv_prog_cc_stdc=
ac_cv_prog_cxx_g=yes
ac_cv_prog_f77_g=yes
ac_cv_prog_f77_v=-v
ac_cv_prog_make_make_set=yes
ac_cv_type__Bool=yes
ac_cv_type_size_t=yes
am_cv_CC_dependencies_compiler_type=gcc3
am_cv_CXX_dependencies_compiler_type=gcc3
ax_cv_c_compiler_vendor=intel
ax_cv_c_flags__O3=yes
ax_cv_cxx_compiler_vendor=intel
ax_cv_cxx_flags__O3__restrict=yes
ax_cv_f77_compiler_vendor=unknown
ax_cv_gcc_x86_cpuid_0=1:68747541:444d4163:69746e65
ax_cv_gcc_x86_cpuid_1=f58:800:0:78bfbff
lt_cv_deplibs_check_method=pass_all
lt_cv_file_magic_cmd='$MAGIC_CMD'
lt_cv_file_magic_test_file=
lt_cv_ld_reload_flag=-r
lt_cv_objdir=.libs
lt_cv_path_LD=/usr/bin/ld
lt_cv_path_LDCXX='/usr/bin/ld -m elf_x86_64'
lt_cv_path_NM='/usr/bin/nm -B'
lt_cv_path_SED=/bin/sed
lt_cv_prog_compiler_c_o=yes
lt_cv_prog_compiler_c_o_CXX=yes
lt_cv_prog_compiler_c_o_F77=yes
lt_cv_prog_compiler_rtti_exceptions=yes
lt_cv_prog_gnu_ld=yes
lt_cv_prog_gnu_ldcxx=yes
lt_cv_sys_global_symbol_pipe='sed -n -e '\''s/^.*[ 	]\([ABCDGIRSTW][ABCDGIRSTW]*\)[ 	][ 	]*\([_A-Za-z][_A-Za-z0-9]*\)$/\1 \2 \2/p'\'''
lt_cv_sys_global_symbol_to_c_name_address='sed -n -e '\''s/^: \([^ ]*\) $/  {\"\1\", (lt_ptr) 0},/p'\'' -e '\''s/^[BCDEGRST] \([^ ]*\) \([^ ]*\)$/  {"\2", (lt_ptr) \&\2},/p'\'''
lt_cv_sys_global_symbol_to_cdecl='sed -n -e '\''s/^. .* \(.*\)$/extern int \1;/p'\'''
lt_cv_sys_max_cmd_len=98304
lt_lt_cv_prog_compiler_c_o='"yes"'
lt_lt_cv_prog_compiler_c_o_CXX='"yes"'
lt_lt_cv_prog_compiler_c_o_F77='"yes"'
lt_lt_cv_sys_global_symbol_pipe='"sed -n -e '\''s/^.*[ 	]\\([ABCDGIRSTW][ABCDGIRSTW]*\\)[ 	][ 	]*\\([_A-Za-z][_A-Za-z0-9]*\\)\$/\\1 \\2 \\2/p'\''"'
lt_lt_cv_sys_global_symbol_to_c_name_address='"sed -n -e '\''s/^: \\([^ ]*\\) \$/  {\\\"\\1\\\", (lt_ptr) 0},/p'\'' -e '\''s/^[BCDEGRST] \\([^ ]*\\) \\([^ ]*\\)\$/  {\"\\2\", (lt_ptr) \\&\\2},/p'\''"'
lt_lt_cv_sys_global_symbol_to_cdecl='"sed -n -e '\''s/^. .* \\(.*\\)\$/extern int \\1;/p'\''"'

## ----------------- ##
## Output variables. ##
## ----------------- ##

ACLOCAL='${SHELL} /home/cyrus/champ/lib/lib2/einspline/missing --run aclocal-1.10'
ALL_STATIC=''
AMDEPBACKSLASH='\'
AMDEP_FALSE='#'
AMDEP_TRUE=''
AMTAR='${SHELL} /home/cyrus/champ/lib/lib2/einspline/missing --run tar'
AR='ar'
AUTOCONF='${SHELL} /home/cyrus/champ/lib/lib2/einspline/missing --run autoconf'
AUTOHEADER='${SHELL} /home/cyrus/champ/lib/lib2/einspline/missing --run autoheader'
AUTOMAKE='${SHELL} /home/cyrus/champ/lib/lib2/einspline/missing --run automake-1.10'
AWK='mawk'
CC='icc -std=c99 -fno-second-underscore'
CCDEPMODE='depmode=gcc3'
CFLAGS='-O3 -g'
CPP='icc -std=c99 -fno-second-underscore -E'
CPPFLAGS=''
CUDA_CFLAGS='-I/usr/local/cuda/include'
CUDA_LIBS='-L/usr/local/cuda/lib -lcuda -lcudart'
CXX='icpc -fno-second-underscore'
CXXCPP='icpc -fno-second-underscore -E'
CXXDEPMODE='depmode=gcc3'
CXXFLAGS='-O3 -restrict -g'
CYGPATH_W='echo'
DEFS='-DHAVE_CONFIG_H'
DEPDIR='.deps'
ECHO='echo'
ECHO_C=''
ECHO_N='-n'
ECHO_T=''
EGREP='/bin/grep -E'
EXEEXT=''
F77='ifort'
FFLAGS='-zero -save -extend_source -w -r8 -O3 -pad -mtune=core2 -march=core2 -xT'
FFTW3F_CFLAGS=''
FFTW3F_LIBS=''
FFTW3_CFLAGS=''
FFTW3_LIBS=''
FLIBS=' -L/usr -limf -lm -L/opt/intel/fce/10.1.015/lib -L/usr/lib/gcc/x86_64-linux-gnu/4.1.2/ -L/usr/lib/gcc/x86_64-linux-gnu/4.1.2/../../../../lib64 -lifport -lifcore -lsvml -lipgo -lirc -lirc_s -ldl'
GREP='/bin/grep'
HAVE_CUDA_FALSE=''
HAVE_CUDA_TRUE='#'
HAVE_SSE2_FALSE=''
HAVE_SSE2_TRUE='#'
HAVE_SSE3_FALSE=''
HAVE_SSE3_TRUE='#'
HAVE_SSE4_1_FALSE=''
HAVE_SSE4_1_TRUE='#'
HAVE_SSE4_2_FALSE=''
HAVE_SSE4_2_TRUE='#'
HAVE_SSE_FALSE=''
HAVE_SSE_TRUE='#'
HAVE_SSSE3_FALSE=''
HAVE_SSSE3_TRUE='#'
INSTALL_DATA='${INSTALL} -m 644'
INSTALL_PROGRAM='${INSTALL}'
INSTALL_SCRIPT='${INSTALL}'
INSTALL_STRIP_PROGRAM='$(install_sh) -c -s'
LDFLAGS=''
LIBOBJS=''
LIBS='-lm '
LIBTOOL='$(SHELL) $(top_builddir)/libtool'
LN_S='ln -s'
LTLIBOBJS=''
MAKEINFO='${SHELL} /home/cyrus/champ/lib/lib2/einspline/missing --run makeinfo'
NVCC='nvcc'
NVCCFLAGS='-DNO_CUDA_MAIN -O3 -use_fast_math -g'
OBJEXT='o'
OPENMP_FLAG=''
PACKAGE='einspline'
PACKAGE_BUGREPORT='kesler@ciw.edu'
PACKAGE_NAME='einspline'
PACKAGE_STRING='einspline 0.8.9'
PACKAGE_TARNAME='einspline'
PACKAGE_VERSION='0.8.9'
PATH_SEPARATOR=':'
PKGDATADEF=''
PKG_CONFIG=''
POW_LIB=''
PRTDIAG=''
PTHREAD_FLAG=''
RANLIB='ranlib'
SED='/bin/sed'
SET_MAKE=''
SHELL='/bin/sh'
SIMD_FLAGS=''
STRIP='strip'
VERSION='0.8.9'
WANT_BLIPS_FALSE=''
WANT_BLIPS_TRUE='#'
ac_ct_CC='icc -std=c99 -fno-second-underscore'
ac_ct_CXX=''
ac_ct_F77=''
am__fastdepCC_FALSE='#'
am__fastdepCC_TRUE=''
am__fastdepCXX_FALSE='#'
am__fastdepCXX_TRUE=''
am__include='include'
am__isrc=''
am__leading_dot='.'
am__quote=''
am__tar='${AMTAR} chof - "$$tardir"'
am__untar='${AMTAR} xf -'
bindir='${exec_prefix}/bin'
build='x86_64-unknown-linux-gnu'
build_alias=''
build_cpu='x86_64'
build_os='linux-gnu'
build_vendor='unknown'
datadir='${datarootdir}'
datarootdir='${prefix}/share'
docdir='${datarootdir}/doc/${PACKAGE_TARNAME}'
dvidir='${docdir}'
exec_prefix='${prefix}'
host='x86_64-unknown-linux-gnu'
host_alias=''
host_cpu='x86_64'
host_os='linux-gnu'
host_vendor='unknown'
htmldir='${docdir}'
includedir='${prefix}/include'
infodir='${datarootdir}/info'
install_sh='$(SHELL) /home/cyrus/champ/lib/lib2/einspline/install-sh'
libdir='${exec_prefix}/lib'
libexecdir='${exec_prefix}/libexec'
localedir='${datarootdir}/locale'
localstatedir='${prefix}/var'
mandir='${datarootdir}/man'
mkdir_p='/bin/mkdir -p'
oldincludedir='/usr/include'
pdfdir='${docdir}'
prefix='/home/cyrus/champ/lib/lib2/einspline'
program_transform_name='s,x,x,'
psdir='${docdir}'
sbindir='${exec_prefix}/sbin'
sharedstatedir='${prefix}/com'
sysconfdir='${prefix}/etc'
target_alias=''

## ----------- ##
## confdefs.h. ##
## ----------- ##

#define PACKAGE_NAME "einspline"
#define PACKAGE_TARNAME "einspline"
#define PACKAGE_VERSION "0.8.9"
#define PACKAGE_STRING "einspline 0.8.9"
#define PACKAGE_BUGREPORT "kesler@ciw.edu"
#define PACKAGE "einspline"
#define VERSION "0.8.9"
#define STDC_HEADERS 1
#define HAVE_SYS_TYPES_H 1
#define HAVE_SYS_STAT_H 1
#define HAVE_STDLIB_H 1
#define HAVE_STRING_H 1
#define HAVE_MEMORY_H 1
#define HAVE_STRINGS_H 1
#define HAVE_INTTYPES_H 1
#define HAVE_STDINT_H 1
#define HAVE_UNISTD_H 1
#define HAVE_DLFCN_H 1
#define HAVE_LIBM 1
#define STDC_HEADERS 1
#define HAVE_STDLIB_H 1
#define HAVE_SYS_TIME_H 1
#define HAVE_UNISTD_H 1
#define HAVE_C_VARARRAYS 1
#define F77_FUNC(name,NAME) name ## _
#define F77_FUNC_(name,NAME) name ## _
#define HAVE__BOOL 1
#define HAVE_STDBOOL_H 1
#define HAVE_FLOOR 1
#define HAVE_POW 1
#define HAVE_SQRT 1
#define HAVE_STRTOL 1
#define HAVE_POSIX_MEMALIGN 1

configure: exit 0
