  REAL PART:

  Coeff.:   1.
     Electron  1 : | s =  1 , n =  3 , l =  2 , m = -1 )
     Electron  2 : | s =  1 , n =  3 , l =  2 , m =  0 )
     Electron  3 : | s =  1 , n =  3 , l =  2 , m =  1 )
     Electron  4 : | s =  1 , n =  3 , l =  2 , m =  2 )
     Electron  5 : | s = -1 , n =  3 , l =  2 , m = -2 )
  Coeff.:   1.
     Electron  1 : | s =  1 , n =  3 , l =  2 , m = -2 )
     Electron  2 : | s =  1 , n =  3 , l =  2 , m = -1 )
     Electron  3 : | s =  1 , n =  3 , l =  2 , m =  0 )
     Electron  4 : | s =  1 , n =  3 , l =  2 , m =  1 )
     Electron  5 : | s = -1 , n =  3 , l =  2 , m =  2 )
  Coeff.:   4.
     Electron  1 : | s =  1 , n =  3 , l =  2 , m = -2 )
     Electron  2 : | s =  1 , n =  3 , l =  2 , m =  0 )
     Electron  3 : | s =  1 , n =  3 , l =  2 , m =  1 )
     Electron  4 : | s =  1 , n =  3 , l =  2 , m =  2 )
     Electron  5 : | s = -1 , n =  3 , l =  2 , m = -1 )
  Coeff.:   4.
     Electron  1 : | s =  1 , n =  3 , l =  2 , m = -2 )
     Electron  2 : | s =  1 , n =  3 , l =  2 , m = -1 )
     Electron  3 : | s =  1 , n =  3 , l =  2 , m =  0 )
     Electron  4 : | s =  1 , n =  3 , l =  2 , m =  2 )
     Electron  5 : | s = -1 , n =  3 , l =  2 , m =  1 )
  Coeff.:   6.
     Electron  1 : | s =  1 , n =  3 , l =  2 , m = -2 )
     Electron  2 : | s =  1 , n =  3 , l =  2 , m = -1 )
     Electron  3 : | s =  1 , n =  3 , l =  2 , m =  1 )
     Electron  4 : | s =  1 , n =  3 , l =  2 , m =  2 )
     Electron  5 : | s = -1 , n =  3 , l =  2 , m =  0 )

  IMAGINARY PART:

  No imaginary part


  NORMALIZATION Norm^2 :   70.
